INFO: [HLS 200-0] Workspace D:/HLS/Quicktake/pynqrealreal/solution1 opened at Thu Jun 24 18:16:46 +0300 2021
Execute     config_clock -quiet -name default -period 10 -default=false 
INFO: [SYN 201-201] Setting up clock 'default' with a period of 10ns.
Command     config_clock returned 0; 0.003 sec.
Execute     open_platform DefaultPlatform 
Command     open_platform returned 0; 0.021 sec.
Execute     import_lib D:/Vivado/Vivado/2017.4/common/technology/xilinx/zynq/zynq 
Execute       source D:/Vivado/Vivado/2017.4/common/technology/xilinx/common/xilinx.lib 
Execute         source D:/Vivado/Vivado/2017.4/common/technology/xilinx/interface/xilinx_interface.lib 
Execute           source D:/Vivado/Vivado/2017.4/common/technology/xilinx/interface/plb46.lib 
Command           ap_source returned 0; 0.08 sec.
Execute           source D:/Vivado/Vivado/2017.4/common/technology/xilinx/interface/fsl.lib 
Command           ap_source returned 0; 0.015 sec.
Execute           source D:/Vivado/Vivado/2017.4/common/technology/xilinx/interface/axi4.lib 
Command           ap_source returned 0; 0.025 sec.
Execute           source D:/Vivado/Vivado/2017.4/common/technology/xilinx/interface/maxi.lib 
Command           ap_source returned 0; 0.004 sec.
Execute           source D:/Vivado/Vivado/2017.4/common/technology/xilinx/interface/saxilite.lib 
Command           ap_source returned 0; 0.006 sec.
Command         ap_source returned 0; 0.147 sec.
Execute         source D:/Vivado/Vivado/2017.4/common/technology/xilinx/common/dsp48.lib 
Command         ap_source returned 0; 0.022 sec.
Execute         source D:/Vivado/Vivado/2017.4/common/technology/xilinx/ip/dds_compiler.lib 
Command         ap_source returned 0; 0.008 sec.
Execute         source D:/Vivado/Vivado/2017.4/common/technology/xilinx/ip/xfft.lib 
Command         ap_source returned 0; 0.024 sec.
Execute         source D:/Vivado/Vivado/2017.4/common/technology/xilinx/ip/xfir.lib 
Command         ap_source returned 0; 0.007 sec.
Command       ap_source returned 0; 0.287 sec.
Execute       source D:/Vivado/Vivado/2017.4/common/technology/xilinx/common/xilinx_old.lib 
Command       ap_source returned 0; 0.016 sec.
Execute       source D:/Vivado/Vivado/2017.4/common/technology/xilinx/common/xilinx_vivado.lib 
Command       ap_source returned 0; 0.017 sec.
Execute       source D:/Vivado/Vivado/2017.4/common/technology/xilinx/common/xilinx.hlp 
Execute         source D:/Vivado/Vivado/2017.4/common/technology/xilinx/common/target_info.tcl 
Command         ap_source returned 0; 0.028 sec.
Execute         source D:/Vivado/Vivado/2017.4/common/technology/xilinx/interface/xilinx_interface.hlp 
Execute           source D:/Vivado/Vivado/2017.4/common/technology/xilinx/interface/maxi.hlp 
Command           ap_source returned 0; 0.008 sec.
Execute           source D:/Vivado/Vivado/2017.4/common/technology/xilinx/interface/saxilite.hlp 
Command           ap_source returned 0; 0.008 sec.
Command         ap_source returned 0; 0.02 sec.
Execute         source D:/Vivado/Vivado/2017.4/common/technology/xilinx/common/dsp48.hlp 
Command         ap_source returned 0; 0.028 sec.
Command       ap_source returned 0; 0.096 sec.
Execute       source D:/Vivado/Vivado/2017.4/common/technology/xilinx/zynq/dsp48e1.hlp 
Command       ap_source returned 0; 0.015 sec.
Execute       get_default_platform 
Command       get_default_platform returned 0; 0 sec.
Execute       config_chip_info -quiet -resource  {SLICE 13300}  {LUT 53200}     {FF 106400} {DSP48E 220}   {BRAM 280}  
Command       config_chip_info returned 0; 0 sec.
Execute       config_chip_info -quiet -speed medium 
Command       config_chip_info returned 0; 0 sec.
Execute       source D:/Vivado/Vivado/2017.4/common/technology/xilinx/common/xilinx.hlp 
Execute         source D:/Vivado/Vivado/2017.4/common/technology/xilinx/common/target_info.tcl 
Command         ap_source returned 0; 0 sec.
Execute         source D:/Vivado/Vivado/2017.4/common/technology/xilinx/interface/xilinx_interface.hlp 
Execute           source D:/Vivado/Vivado/2017.4/common/technology/xilinx/interface/maxi.hlp 
Command           ap_source returned 0; 0 sec.
Execute           source D:/Vivado/Vivado/2017.4/common/technology/xilinx/interface/saxilite.hlp 
Command           ap_source returned 0; 0.001 sec.
Command         ap_source returned 0; 0.001 sec.
Execute         source D:/Vivado/Vivado/2017.4/common/technology/xilinx/common/dsp48.hlp 
Command         ap_source returned 0; 0.001 sec.
Command       ap_source returned 0; 0.003 sec.
Command     import_lib returned 0; 0.523 sec.
Execute     source D:/Vivado/Vivado/2017.4/common/technology/xilinx/zynq/zynq.gen 
Execute       source D:/Vivado/Vivado/2017.4/common/technology/xilinx/common/virtex.gen 
Execute         source D:/Vivado/Vivado/2017.4/common/technology/xilinx/common/xilinx.gen 
Execute           source D:/Vivado/Vivado/2017.4/common/technology/xilinx/interface/plb46.gen 
Command           ap_source returned 0; 0.032 sec.
Execute           source D:/Vivado/Vivado/2017.4/common/technology/xilinx/interface/fsl.gen 
Command           ap_source returned 0; 0.039 sec.
Execute           source D:/Vivado/Vivado/2017.4/common/technology/xilinx/interface/axi4.gen 
Command           ap_source returned 0; 0.016 sec.
Execute           source D:/Vivado/Vivado/2017.4/common/technology/xilinx/interface/nativeAXI4.gen 
Execute             source D:/Vivado/Vivado/2017.4/common/technology/xilinx/interface/saxilite.gen 
Command             ap_source returned 0; 0.025 sec.
Execute             source D:/Vivado/Vivado/2017.4/common/technology/xilinx/interface/maxi.gen 
Command             ap_source returned 0; 0.022 sec.
Command           ap_source returned 0; 0.055 sec.
Execute           source D:/Vivado/Vivado/2017.4/common/technology/xilinx/scripts/xilinxcoregen.gen 
Command           ap_source returned 0; 0.051 sec.
Execute           source D:/Vivado/Vivado/2017.4/common/technology/xilinx/interface/XilEDKCoreGen.gen 
Command           ap_source returned 0; 0.024 sec.
Execute           source D:/Vivado/Vivado/2017.4/common/technology/xilinx/ip/dds_compiler.gen 
Command           ap_source returned 0; 0.012 sec.
Execute           source D:/Vivado/Vivado/2017.4/common/technology/xilinx/ip/util.gen 
Command           ap_source returned 0; 0.012 sec.
Execute           source D:/Vivado/Vivado/2017.4/common/technology/xilinx/ip/xfft.gen 
Command           ap_source returned 0; 0.088 sec.
Execute           source D:/Vivado/Vivado/2017.4/common/technology/xilinx/ip/xfir.gen 
Command           ap_source returned 0; 0.167 sec.
Command         ap_source returned 0; 0.504 sec.
Execute         source D:/Vivado/Vivado/2017.4/common/technology/xilinx/common/dsp48.gen 
Command         ap_source returned 0; 0.006 sec.
Command       ap_source returned 0; 0.537 sec.
Command     ap_source returned 0; 0.552 sec.
Execute     open_platform DefaultPlatform 
Command     open_platform returned 0; 0 sec.
Execute     import_lib D:/Vivado/Vivado/2017.4/common/technology/xilinx/zynq/zynq_fpv6 
Execute       source D:/Vivado/Vivado/2017.4/common/technology/xilinx/common/xilinx_fpv7.lib 
Execute         source D:/Vivado/Vivado/2017.4/common/technology/xilinx/common/xilinx_hp.lib 
Command         ap_source returned 0; 0.008 sec.
Command       ap_source returned 0; 0.025 sec.
Execute       source D:/Vivado/Vivado/2017.4/common/technology/xilinx/common/xilinx_fpv.hlp 
Execute         source D:/Vivado/Vivado/2017.4/common/technology/xilinx/common/xilinx.hlp 
Execute           source D:/Vivado/Vivado/2017.4/common/technology/xilinx/common/target_info.tcl 
Command           ap_source returned 0; 0.032 sec.
Execute           source D:/Vivado/Vivado/2017.4/common/technology/xilinx/interface/xilinx_interface.hlp 
Execute             source D:/Vivado/Vivado/2017.4/common/technology/xilinx/interface/maxi.hlp 
Command             ap_source returned 0; 0 sec.
Execute             source D:/Vivado/Vivado/2017.4/common/technology/xilinx/interface/saxilite.hlp 
Command             ap_source returned 0; 0 sec.
Command           ap_source returned 0; 0.001 sec.
Execute           source D:/Vivado/Vivado/2017.4/common/technology/xilinx/common/dsp48.hlp 
Command           ap_source returned 0; 0.002 sec.
Command         ap_source returned 0; 0.037 sec.
Command       ap_source returned 0; 0.066 sec.
Execute       source D:/Vivado/Vivado/2017.4/common/technology/xilinx/zynq/zynq_hp.hlp 
Command       ap_source returned 0; 0.027 sec.
Command     import_lib returned 0; 0.17 sec.
Execute     source D:/Vivado/Vivado/2017.4/common/technology/xilinx/zynq/zynq_fpv6.gen 
Execute       source D:/Vivado/Vivado/2017.4/common/technology/xilinx/common/xilinx_fpv6.gen 
Command       ap_source returned 0; 0.027 sec.
Command     ap_source returned 0; 0.032 sec.
Execute     set_part xc7z020clg400-1 
Execute       add_library xilinx/zynq/zynq:xc7z020:clg400:-1 
Execute         get_default_platform 
Command         get_default_platform returned 0; 0 sec.
Execute         license_isbetapart xc7z020 
Command         license_isbetapart returned 1; 0.056 sec.
Execute         get_default_platform 
Command         get_default_platform returned 0; 0 sec.
Execute         config_chip_info -quiet -resource  {SLICE 13300}  {LUT 53200}     {FF 106400} {DSP48E 220}   {BRAM 280}  
Command         config_chip_info returned 0; 0 sec.
Execute         config_chip_info -quiet -speed slow 
Command         config_chip_info returned 0; 0 sec.
Command       add_library returned 0; 0.063 sec.
Execute       add_library xilinx/zynq/zynq_fpv6 
Execute         get_default_platform 
Command         get_default_platform returned 0; 0 sec.
Command       add_library returned 0; 0.005 sec.
INFO: [HLS 200-10] Setting target device to 'xc7z020clg400-1'
Execute       get_default_platform 
Command       get_default_platform returned 0; 0 sec.
Command     set_part returned 0; 0.184 sec.
Execute     get_default_platform 
Command     get_default_platform returned 0; 0 sec.
Execute     config_chip_info -quiet -resource  {SLICE 13300}  {LUT 53200}     {FF 106400} {DSP48E 220}   {BRAM 280}  
Command     config_chip_info returned 0; 0 sec.
Execute     config_chip_info -quiet -speed slow 
Command     config_chip_info returned 0; 0 sec.
Command   open_solution returned 0; 1.622 sec.
Execute   export_design -rtl vhdl -format ip_catalog 
Execute     source D:/HLS/Quicktake/pynqrealreal/solution1/.autopilot/db/global.setting.tcl 
Command     ap_source returned 0; 0 sec.
Execute     source D:/Vivado/Vivado/2017.4/common/technology/generic/autopilot/common.gen 
Execute       source D:/Vivado/Vivado/2017.4/common/technology/generic/autopilot/APCoreGen.gen 
Command       ap_source returned 0; 0.031 sec.
Command     ap_source returned 0; 0.039 sec.
Execute     source D:/Vivado/Vivado/2017.4/common/technology/generic/autopilot/op.gen 
Command     ap_source returned 0; 0.008 sec.
Execute     source D:/Vivado/Vivado/2017.4/common/technology/generic/autopilot/op_simcore.gen 
Command     ap_source returned 0; 0.012 sec.
Execute     source D:/Vivado/Vivado/2017.4/common/technology/generic/autopilot/interface.gen 
Command     ap_source returned 0; 0.007 sec.
Execute     source D:/HLS/Quicktake/pynqrealreal/solution1/.autopilot/db/global.setting.tcl 
Command     ap_source returned 0; 0.001 sec.
Execute     source D:/Vivado/Vivado/2017.4/common/technology/xilinx/zynq/zynq.gen 
Execute       source D:/Vivado/Vivado/2017.4/common/technology/xilinx/common/virtex.gen 
Execute         source D:/Vivado/Vivado/2017.4/common/technology/xilinx/common/xilinx.gen 
Execute           source D:/Vivado/Vivado/2017.4/common/technology/xilinx/interface/plb46.gen 
Command           ap_source returned 0; 0.001 sec.
Execute           source D:/Vivado/Vivado/2017.4/common/technology/xilinx/interface/fsl.gen 
Command           ap_source returned 0; 0.001 sec.
Execute           source D:/Vivado/Vivado/2017.4/common/technology/xilinx/interface/axi4.gen 
Command           ap_source returned 0; 0.002 sec.
Execute           source D:/Vivado/Vivado/2017.4/common/technology/xilinx/interface/nativeAXI4.gen 
Execute             source D:/Vivado/Vivado/2017.4/common/technology/xilinx/interface/saxilite.gen 
Command             ap_source returned 0; 0.004 sec.
Execute             source D:/Vivado/Vivado/2017.4/common/technology/xilinx/interface/maxi.gen 
Command             ap_source returned 0; 0.007 sec.
Command           ap_source returned 0; 0.011 sec.
Execute           source D:/Vivado/Vivado/2017.4/common/technology/xilinx/scripts/xilinxcoregen.gen 
Command           ap_source returned 0; 0.011 sec.
Execute           source D:/Vivado/Vivado/2017.4/common/technology/xilinx/interface/XilEDKCoreGen.gen 
Command           ap_source returned 0; 0.006 sec.
Execute           source D:/Vivado/Vivado/2017.4/common/technology/xilinx/ip/dds_compiler.gen 
Command           ap_source returned 0; 0.002 sec.
Execute           source D:/Vivado/Vivado/2017.4/common/technology/xilinx/ip/util.gen 
Command           ap_source returned 0; 0 sec.
Execute           source D:/Vivado/Vivado/2017.4/common/technology/xilinx/ip/xfft.gen 
Command           ap_source returned 0; 0.062 sec.
Execute           source D:/Vivado/Vivado/2017.4/common/technology/xilinx/ip/xfir.gen 
Command           ap_source returned 0; 0 sec.
Command         ap_source returned 0; 0.096 sec.
Execute         source D:/Vivado/Vivado/2017.4/common/technology/xilinx/common/dsp48.gen 
Command         ap_source returned 0; 0 sec.
Command       ap_source returned 0; 0.099 sec.
Command     ap_source returned 0; 0.099 sec.
Execute     source D:/Vivado/Vivado/2017.4/common/technology/xilinx/zynq/zynq_fpv6.gen 
Execute       source D:/Vivado/Vivado/2017.4/common/technology/xilinx/common/xilinx_fpv6.gen 
Command       ap_source returned 0; 0.001 sec.
Command     ap_source returned 0; 0.001 sec.
Execute     source D:/HLS/Quicktake/pynqrealreal/solution1/.autopilot/db/global.setting.tcl 
Command     ap_source returned 0; 0.001 sec.
INFO: [IMPL 213-8] Exporting RTL as a Vivado IP.
Execute     source D:/HLS/Quicktake/pynqrealreal/solution1/.autopilot/db/global.setting.tcl 
Command     ap_source returned 0; 0.001 sec.
Execute     source D:/HLS/Quicktake/pynqrealreal/solution1/.autopilot/db/global.setting.tcl 
Command     ap_source returned 0; 0.001 sec.
Execute     source D:/Vivado/Vivado/2017.4/common/technology/generic/autopilot/common.gen 
Execute       source D:/Vivado/Vivado/2017.4/common/technology/generic/autopilot/APCoreGen.gen 
Command       ap_source returned 0; 0.001 sec.
Command     ap_source returned 0; 0.001 sec.
Execute     source D:/Vivado/Vivado/2017.4/common/technology/generic/autopilot/op.gen 
Command     ap_source returned 0; 0 sec.
Execute     source D:/Vivado/Vivado/2017.4/common/technology/generic/autopilot/op_simcore.gen 
Command     ap_source returned 0; 0.001 sec.
Execute     source D:/Vivado/Vivado/2017.4/common/technology/generic/autopilot/interface.gen 
Command     ap_source returned 0; 0.001 sec.
Execute     source D:/HLS/Quicktake/pynqrealreal/solution1/.autopilot/db/global.setting.tcl 
Command     ap_source returned 0; 0 sec.
Execute     source D:/Vivado/Vivado/2017.4/common/technology/xilinx/zynq/zynq.gen 
Execute       source D:/Vivado/Vivado/2017.4/common/technology/xilinx/common/virtex.gen 
Execute         source D:/Vivado/Vivado/2017.4/common/technology/xilinx/common/xilinx.gen 
Execute           source D:/Vivado/Vivado/2017.4/common/technology/xilinx/interface/plb46.gen 
Command           ap_source returned 0; 0.001 sec.
Execute           source D:/Vivado/Vivado/2017.4/common/technology/xilinx/interface/fsl.gen 
Command           ap_source returned 0; 0 sec.
Execute           source D:/Vivado/Vivado/2017.4/common/technology/xilinx/interface/axi4.gen 
Command           ap_source returned 0; 0.001 sec.
Execute           source D:/Vivado/Vivado/2017.4/common/technology/xilinx/interface/nativeAXI4.gen 
Execute             source D:/Vivado/Vivado/2017.4/common/technology/xilinx/interface/saxilite.gen 
Command             ap_source returned 0; 0.002 sec.
Execute             source D:/Vivado/Vivado/2017.4/common/technology/xilinx/interface/maxi.gen 
Command             ap_source returned 0; 0.004 sec.
Command           ap_source returned 0; 0.007 sec.
Execute           source D:/Vivado/Vivado/2017.4/common/technology/xilinx/scripts/xilinxcoregen.gen 
Command           ap_source returned 0; 0.008 sec.
Execute           source D:/Vivado/Vivado/2017.4/common/technology/xilinx/interface/XilEDKCoreGen.gen 
Command           ap_source returned 0; 0.005 sec.
Execute           source D:/Vivado/Vivado/2017.4/common/technology/xilinx/ip/dds_compiler.gen 
Command           ap_source returned 0; 0.002 sec.
Execute           source D:/Vivado/Vivado/2017.4/common/technology/xilinx/ip/util.gen 
Command           ap_source returned 0; 0 sec.
Execute           source D:/Vivado/Vivado/2017.4/common/technology/xilinx/ip/xfft.gen 
Command           ap_source returned 0; 0.064 sec.
Execute           source D:/Vivado/Vivado/2017.4/common/technology/xilinx/ip/xfir.gen 
Command           ap_source returned 0; 0 sec.
Command         ap_source returned 0; 0.088 sec.
Execute         source D:/Vivado/Vivado/2017.4/common/technology/xilinx/common/dsp48.gen 
Command         ap_source returned 0; 0 sec.
Command       ap_source returned 0; 0.09 sec.
Command     ap_source returned 0; 0.09 sec.
Execute     source D:/Vivado/Vivado/2017.4/common/technology/xilinx/zynq/zynq_fpv6.gen 
Execute       source D:/Vivado/Vivado/2017.4/common/technology/xilinx/common/xilinx_fpv6.gen 
Command       ap_source returned 0; 0.001 sec.
Command     ap_source returned 0; 0.001 sec.
Execute     source D:/HLS/Quicktake/pynqrealreal/solution1/.autopilot/db/ebnn_compute.rtl_wrap.cfg.tcl 
Command     ap_source returned 0; 0.001 sec.
Execute     source D:/HLS/Quicktake/pynqrealreal/solution1/.autopilot/db/ebnn_compute.rtl_wrap.cfg.tcl 
Command     ap_source returned 0; 0.001 sec.
Execute     source D:/HLS/Quicktake/pynqrealreal/solution1/.autopilot/db/ebnn_compute.rtl_wrap.cfg.tcl 
Command     ap_source returned 0; 0.001 sec.
Execute     source D:/HLS/Quicktake/pynqrealreal/solution1/.autopilot/db/ebnn_compute.tbgen.tcl 
Command     ap_source returned 0; 0.039 sec.
Execute     source D:/HLS/Quicktake/pynqrealreal/solution1/.autopilot/db/ebnn_compute.tbgen.tcl 
Command     ap_source returned 0; 0.001 sec.
Execute     source D:/HLS/Quicktake/pynqrealreal/solution1/.autopilot/db/global.setting.tcl 
Command     ap_source returned 0; 0 sec.
Execute     source D:/HLS/Quicktake/pynqrealreal/solution1/.autopilot/db/fdot_3d.compgen.tcl 
Command     ap_source returned 0; 0.026 sec.
Execute     source D:/HLS/Quicktake/pynqrealreal/solution1/.autopilot/db/fconv.compgen.tcl 
Command     ap_source returned 0; 0.097 sec.
Execute     source D:/HLS/Quicktake/pynqrealreal/solution1/.autopilot/db/ebnn_compute.compgen.tcl 
Command     ap_source returned 0; 0.014 sec.
Execute     source D:/HLS/Quicktake/pynqrealreal/solution1/.autopilot/db/global.setting.tcl 
Command     ap_source returned 0; 0.001 sec.
Execute     source D:/HLS/Quicktake/pynqrealreal/solution1/.autopilot/db/fdot_3d.compgen.tcl 
Command     ap_source returned 0; 0 sec.
Execute     source D:/HLS/Quicktake/pynqrealreal/solution1/.autopilot/db/fconv.compgen.tcl 
Command     ap_source returned 0; 0.001 sec.
Execute     source D:/HLS/Quicktake/pynqrealreal/solution1/.autopilot/db/ebnn_compute.compgen.tcl 
Command     ap_source returned 0; 0.004 sec.
Execute     source D:/HLS/Quicktake/pynqrealreal/solution1/.autopilot/db/global.setting.tcl 
Command     ap_source returned 0; 0 sec.
Execute     source D:/HLS/Quicktake/pynqrealreal/solution1/.autopilot/db/fdot_3d.compgen.tcl 
Command     ap_source returned 0; 0.001 sec.
Execute     source D:/HLS/Quicktake/pynqrealreal/solution1/.autopilot/db/fconv.compgen.tcl 
Command     ap_source returned 0; 0.001 sec.
Execute     source D:/HLS/Quicktake/pynqrealreal/solution1/.autopilot/db/ebnn_compute.compgen.tcl 
Command     ap_source returned 0; 0.002 sec.
Execute     source D:/HLS/Quicktake/pynqrealreal/solution1/.autopilot/db/global.setting.tcl 
Command     ap_source returned 0; 0.001 sec.
Execute     source D:/HLS/Quicktake/pynqrealreal/solution1/.autopilot/db/ebnn_compute.constraint.tcl 
Command     ap_source returned 0; 0.053 sec.
Execute     source D:/HLS/Quicktake/pynqrealreal/solution1/.autopilot/db/ebnn_compute.tbgen.tcl 
Command     ap_source returned 0; 0.001 sec.
Execute     source D:/HLS/Quicktake/pynqrealreal/solution1/.autopilot/db/global.setting.tcl 
Command     ap_source returned 0; 0.001 sec.
Execute     source D:/HLS/Quicktake/pynqrealreal/solution1/.autopilot/db/ebnn_compute.tbgen.tcl 
Command     ap_source returned 0; 0.001 sec.
Execute     source D:/HLS/Quicktake/pynqrealreal/solution1/.autopilot/db/global.setting.tcl 
Command     ap_source returned 0; 0 sec.
Execute     source D:/HLS/Quicktake/pynqrealreal/solution1/.autopilot/db/global.setting.tcl 
Command     ap_source returned 0; 0 sec.
Execute     source D:/HLS/Quicktake/pynqrealreal/solution1/.autopilot/db/ebnn_compute.rtl_wrap.cfg.tcl 
Command     ap_source returned 0; 0.001 sec.
Execute     source D:/HLS/Quicktake/pynqrealreal/solution1/.autopilot/db/ebnn_compute.rtl_wrap.cfg.tcl 
Command     ap_source returned 0; 0 sec.
Execute     source D:/HLS/Quicktake/pynqrealreal/solution1/.autopilot/db/ebnn_compute.rtl_wrap.cfg.tcl 
Command     ap_source returned 0; 0 sec.
Execute     source D:/HLS/Quicktake/pynqrealreal/solution1/.autopilot/db/ebnn_compute.tbgen.tcl 
Command     ap_source returned 0; 0.001 sec.
Execute     source D:/HLS/Quicktake/pynqrealreal/solution1/.autopilot/db/ebnn_compute.tbgen.tcl 
Command     ap_source returned 0; 0 sec.
Execute     source D:/HLS/Quicktake/pynqrealreal/solution1/.autopilot/db/ebnn_compute.tbgen.tcl 
Command     ap_source returned 0; 0 sec.
Execute     source D:/HLS/Quicktake/pynqrealreal/solution1/.autopilot/db/ebnn_compute.rtl_wrap.cfg.tcl 
Command     ap_source returned 0; 0 sec.
Execute     source D:/HLS/Quicktake/pynqrealreal/solution1/.autopilot/db/ebnn_compute.rtl_wrap.cfg.tcl 
Command     ap_source returned 0; 0 sec.
Execute     source D:/HLS/Quicktake/pynqrealreal/solution1/.autopilot/db/ebnn_compute.rtl_wrap.cfg.tcl 
Command     ap_source returned 0; 0.001 sec.
Execute     source D:/HLS/Quicktake/pynqrealreal/solution1/.autopilot/db/ebnn_compute.tbgen.tcl 
Command     ap_source returned 0; 0 sec.
Execute     source D:/HLS/Quicktake/pynqrealreal/solution1/.autopilot/db/ebnn_compute.tbgen.tcl 
Command     ap_source returned 0; 0 sec.
Execute     source D:/HLS/Quicktake/pynqrealreal/solution1/.autopilot/db/global.setting.tcl 
Command     ap_source returned 0; 0 sec.
Execute     source D:/HLS/Quicktake/pynqrealreal/solution1/.autopilot/db/ebnn_compute.tbgen.tcl 
Command     ap_source returned 0; 0 sec.
Execute     source D:/HLS/Quicktake/pynqrealreal/solution1/.autopilot/db/global.setting.tcl 
Command     ap_source returned 0; 0.001 sec.
Execute     source D:/HLS/Quicktake/pynqrealreal/solution1/.autopilot/db/ebnn_compute.constraint.tcl 
Command     ap_source returned 0; 0 sec.
Execute     source D:/HLS/Quicktake/pynqrealreal/solution1/.autopilot/db/global.setting.tcl 
Command     ap_source returned 0; 0 sec.
Execute     source D:/HLS/Quicktake/pynqrealreal/solution1/.autopilot/db/ebnn_compute.constraint.tcl 
Command     ap_source returned 0; 0 sec.
Execute     source D:/HLS/Quicktake/pynqrealreal/solution1/.autopilot/db/ebnn_compute.tbgen.tcl 
Command     ap_source returned 0; 0 sec.
Execute     source D:/HLS/Quicktake/pynqrealreal/solution1/.autopilot/db/global.setting.tcl 
Command     ap_source returned 0; 0 sec.
Execute     source D:/Vivado/Vivado/2017.4/common/technology/generic/autopilot/common.gen 
Execute       source D:/Vivado/Vivado/2017.4/common/technology/generic/autopilot/APCoreGen.gen 
Command       ap_source returned 0; 0.001 sec.
Command     ap_source returned 0; 0.001 sec.
Execute     source D:/Vivado/Vivado/2017.4/common/technology/generic/autopilot/op.gen 
Command     ap_source returned 0; 0.001 sec.
Execute     source D:/Vivado/Vivado/2017.4/common/technology/generic/autopilot/op_simcore.gen 
Command     ap_source returned 0; 0 sec.
Execute     source D:/Vivado/Vivado/2017.4/common/technology/generic/autopilot/interface.gen 
Command     ap_source returned 0; 0 sec.
Execute     source D:/HLS/Quicktake/pynqrealreal/solution1/.autopilot/db/global.setting.tcl 
Command     ap_source returned 0; 0.048 sec.
Execute     source D:/Vivado/Vivado/2017.4/common/technology/xilinx/zynq/zynq.gen 
Execute       source D:/Vivado/Vivado/2017.4/common/technology/xilinx/common/virtex.gen 
Execute         source D:/Vivado/Vivado/2017.4/common/technology/xilinx/common/xilinx.gen 
Execute           source D:/Vivado/Vivado/2017.4/common/technology/xilinx/interface/plb46.gen 
Command           ap_source returned 0; 0.001 sec.
Execute           source D:/Vivado/Vivado/2017.4/common/technology/xilinx/interface/fsl.gen 
Command           ap_source returned 0; 0 sec.
Execute           source D:/Vivado/Vivado/2017.4/common/technology/xilinx/interface/axi4.gen 
Command           ap_source returned 0; 0.002 sec.
Execute           source D:/Vivado/Vivado/2017.4/common/technology/xilinx/interface/nativeAXI4.gen 
Execute             source D:/Vivado/Vivado/2017.4/common/technology/xilinx/interface/saxilite.gen 
Command             ap_source returned 0; 0.003 sec.
Execute             source D:/Vivado/Vivado/2017.4/common/technology/xilinx/interface/maxi.gen 
Command             ap_source returned 0; 0.005 sec.
Command           ap_source returned 0; 0.008 sec.
Execute           source D:/Vivado/Vivado/2017.4/common/technology/xilinx/scripts/xilinxcoregen.gen 
Command           ap_source returned 0; 0.008 sec.
Execute           source D:/Vivado/Vivado/2017.4/common/technology/xilinx/interface/XilEDKCoreGen.gen 
Command           ap_source returned 0; 0.005 sec.
Execute           source D:/Vivado/Vivado/2017.4/common/technology/xilinx/ip/dds_compiler.gen 
Command           ap_source returned 0; 0.003 sec.
Execute           source D:/Vivado/Vivado/2017.4/common/technology/xilinx/ip/util.gen 
Command           ap_source returned 0; 0 sec.
Execute           source D:/Vivado/Vivado/2017.4/common/technology/xilinx/ip/xfft.gen 
Command           ap_source returned 0; 0.064 sec.
Execute           source D:/Vivado/Vivado/2017.4/common/technology/xilinx/ip/xfir.gen 
Command           ap_source returned 0; 0.001 sec.
Command         ap_source returned 0; 0.093 sec.
Execute         source D:/Vivado/Vivado/2017.4/common/technology/xilinx/common/dsp48.gen 
Command         ap_source returned 0; 0 sec.
Command       ap_source returned 0; 0.095 sec.
Command     ap_source returned 0; 0.095 sec.
Execute     source D:/Vivado/Vivado/2017.4/common/technology/xilinx/zynq/zynq_fpv6.gen 
Execute       source D:/Vivado/Vivado/2017.4/common/technology/xilinx/common/xilinx_fpv6.gen 
Command       ap_source returned 0; 0.002 sec.
Command     ap_source returned 0; 0.002 sec.
Execute     source D:/HLS/Quicktake/pynqrealreal/solution1/.autopilot/db/global.setting.tcl 
Command     ap_source returned 0; 0 sec.
Execute     source D:/Vivado/Vivado/2017.4/common/technology/generic/autopilot/common.gen 
Execute       source D:/Vivado/Vivado/2017.4/common/technology/generic/autopilot/APCoreGen.gen 
Command       ap_source returned 0; 0.001 sec.
Command     ap_source returned 0; 0.001 sec.
Execute     source D:/Vivado/Vivado/2017.4/common/technology/generic/autopilot/op.gen 
Command     ap_source returned 0; 0 sec.
Execute     source D:/Vivado/Vivado/2017.4/common/technology/generic/autopilot/op_simcore.gen 
Command     ap_source returned 0; 0.001 sec.
Execute     source D:/Vivado/Vivado/2017.4/common/technology/generic/autopilot/interface.gen 
Command     ap_source returned 0; 0 sec.
Execute     source D:/HLS/Quicktake/pynqrealreal/solution1/.autopilot/db/global.setting.tcl 
Command     ap_source returned 0; 0.001 sec.
Execute     source D:/Vivado/Vivado/2017.4/common/technology/xilinx/zynq/zynq.gen 
Execute       source D:/Vivado/Vivado/2017.4/common/technology/xilinx/common/virtex.gen 
Execute         source D:/Vivado/Vivado/2017.4/common/technology/xilinx/common/xilinx.gen 
Execute           source D:/Vivado/Vivado/2017.4/common/technology/xilinx/interface/plb46.gen 
Command           ap_source returned 0; 0.001 sec.
Execute           source D:/Vivado/Vivado/2017.4/common/technology/xilinx/interface/fsl.gen 
Command           ap_source returned 0; 0.001 sec.
Execute           source D:/Vivado/Vivado/2017.4/common/technology/xilinx/interface/axi4.gen 
Command           ap_source returned 0; 0.001 sec.
Execute           source D:/Vivado/Vivado/2017.4/common/technology/xilinx/interface/nativeAXI4.gen 
Execute             source D:/Vivado/Vivado/2017.4/common/technology/xilinx/interface/saxilite.gen 
Command             ap_source returned 0; 0.002 sec.
Execute             source D:/Vivado/Vivado/2017.4/common/technology/xilinx/interface/maxi.gen 
Command             ap_source returned 0; 0.005 sec.
Command           ap_source returned 0; 0.007 sec.
Execute           source D:/Vivado/Vivado/2017.4/common/technology/xilinx/scripts/xilinxcoregen.gen 
Command           ap_source returned 0; 0.008 sec.
Execute           source D:/Vivado/Vivado/2017.4/common/technology/xilinx/interface/XilEDKCoreGen.gen 
Command           ap_source returned 0; 0.005 sec.
Execute           source D:/Vivado/Vivado/2017.4/common/technology/xilinx/ip/dds_compiler.gen 
Command           ap_source returned 0; 0.002 sec.
Execute           source D:/Vivado/Vivado/2017.4/common/technology/xilinx/ip/util.gen 
Command           ap_source returned 0; 0 sec.
Execute           source D:/Vivado/Vivado/2017.4/common/technology/xilinx/ip/xfft.gen 
Command           ap_source returned 0; 0.063 sec.
Execute           source D:/Vivado/Vivado/2017.4/common/technology/xilinx/ip/xfir.gen 
Command           ap_source returned 0; 0 sec.
Command         ap_source returned 0; 0.089 sec.
Execute         source D:/Vivado/Vivado/2017.4/common/technology/xilinx/common/dsp48.gen 
Command         ap_source returned 0; 0.001 sec.
Command       ap_source returned 0; 0.091 sec.
Command     ap_source returned 0; 0.091 sec.
Execute     source D:/Vivado/Vivado/2017.4/common/technology/xilinx/zynq/zynq_fpv6.gen 
Execute       source D:/Vivado/Vivado/2017.4/common/technology/xilinx/common/xilinx_fpv6.gen 
Command       ap_source returned 0; 0.001 sec.
Command     ap_source returned 0; 0.001 sec.
Execute     source D:/HLS/Quicktake/pynqrealreal/solution1/.autopilot/db/global.setting.tcl 
Command     ap_source returned 0; 0 sec.
Execute     source D:/HLS/Quicktake/pynqrealreal/solution1/.autopilot/db/global.setting.tcl 
Command     ap_source returned 0; 0 sec.
Execute     source D:/HLS/Quicktake/pynqrealreal/solution1/.autopilot/db/global.setting.tcl 
Command     ap_source returned 0; 0.001 sec.
Execute     source D:/Vivado/Vivado/2017.4/common/technology/generic/autopilot/common.gen 
Execute       source D:/Vivado/Vivado/2017.4/common/technology/generic/autopilot/APCoreGen.gen 
Command       ap_source returned 0; 0.001 sec.
Command     ap_source returned 0; 0.001 sec.
Execute     source D:/Vivado/Vivado/2017.4/common/technology/generic/autopilot/op.gen 
Command     ap_source returned 0; 0 sec.
Execute     source D:/Vivado/Vivado/2017.4/common/technology/generic/autopilot/op_simcore.gen 
Command     ap_source returned 0; 0.001 sec.
Execute     source D:/Vivado/Vivado/2017.4/common/technology/generic/autopilot/interface.gen 
Command     ap_source returned 0; 0 sec.
Execute     source D:/HLS/Quicktake/pynqrealreal/solution1/.autopilot/db/global.setting.tcl 
Command     ap_source returned 0; 0 sec.
Execute     source D:/Vivado/Vivado/2017.4/common/technology/xilinx/zynq/zynq.gen 
Execute       source D:/Vivado/Vivado/2017.4/common/technology/xilinx/common/virtex.gen 
Execute         source D:/Vivado/Vivado/2017.4/common/technology/xilinx/common/xilinx.gen 
Execute           source D:/Vivado/Vivado/2017.4/common/technology/xilinx/interface/plb46.gen 
Command           ap_source returned 0; 0.001 sec.
Execute           source D:/Vivado/Vivado/2017.4/common/technology/xilinx/interface/fsl.gen 
Command           ap_source returned 0; 0 sec.
Execute           source D:/Vivado/Vivado/2017.4/common/technology/xilinx/interface/axi4.gen 
Command           ap_source returned 0; 0.001 sec.
Execute           source D:/Vivado/Vivado/2017.4/common/technology/xilinx/interface/nativeAXI4.gen 
Execute             source D:/Vivado/Vivado/2017.4/common/technology/xilinx/interface/saxilite.gen 
Command             ap_source returned 0; 0.002 sec.
Execute             source D:/Vivado/Vivado/2017.4/common/technology/xilinx/interface/maxi.gen 
Command             ap_source returned 0; 0.004 sec.
Command           ap_source returned 0; 0.007 sec.
Execute           source D:/Vivado/Vivado/2017.4/common/technology/xilinx/scripts/xilinxcoregen.gen 
Command           ap_source returned 0; 0.008 sec.
Execute           source D:/Vivado/Vivado/2017.4/common/technology/xilinx/interface/XilEDKCoreGen.gen 
Command           ap_source returned 0; 0.005 sec.
Execute           source D:/Vivado/Vivado/2017.4/common/technology/xilinx/ip/dds_compiler.gen 
Command           ap_source returned 0; 0.002 sec.
Execute           source D:/Vivado/Vivado/2017.4/common/technology/xilinx/ip/util.gen 
Command           ap_source returned 0; 0.001 sec.
Execute           source D:/Vivado/Vivado/2017.4/common/technology/xilinx/ip/xfft.gen 
Command           ap_source returned 0; 0.062 sec.
Execute           source D:/Vivado/Vivado/2017.4/common/technology/xilinx/ip/xfir.gen 
Command           ap_source returned 0; 0.001 sec.
Command         ap_source returned 0; 0.088 sec.
Execute         source D:/Vivado/Vivado/2017.4/common/technology/xilinx/common/dsp48.gen 
Command         ap_source returned 0; 0 sec.
Command       ap_source returned 0; 0.09 sec.
Command     ap_source returned 0; 0.09 sec.
Execute     source D:/Vivado/Vivado/2017.4/common/technology/xilinx/zynq/zynq_fpv6.gen 
Execute       source D:/Vivado/Vivado/2017.4/common/technology/xilinx/common/xilinx_fpv6.gen 
Command       ap_source returned 0; 0.002 sec.
Command     ap_source returned 0; 0.002 sec.
Execute     source D:/HLS/Quicktake/pynqrealreal/solution1/.autopilot/db/global.setting.tcl 
Command     ap_source returned 0; 0 sec.
Execute     source D:/HLS/Quicktake/pynqrealreal/solution1/.autopilot/db/fdot_3d.compgen.tcl 
Command     ap_source returned 0; 0.014 sec.
Execute     source D:/HLS/Quicktake/pynqrealreal/solution1/.autopilot/db/fconv.compgen.tcl 
Command     ap_source returned 0; 0.054 sec.
Execute     source D:/HLS/Quicktake/pynqrealreal/solution1/.autopilot/db/ebnn_compute.compgen.tcl 
Command     ap_source returned 0; 0.013 sec.
Execute     source D:/HLS/Quicktake/pynqrealreal/solution1/.autopilot/db/global.setting.tcl 
Command     ap_source returned 0; 0 sec.
Execute     source D:/HLS/Quicktake/pynqrealreal/solution1/.autopilot/db/ebnn_compute.constraint.tcl 
Command     ap_source returned 0; 0.001 sec.
Execute     source D:/HLS/Quicktake/pynqrealreal/solution1/.autopilot/db/ebnn_compute.tbgen.tcl 
Command     ap_source returned 0; 0 sec.
Execute     source D:/HLS/Quicktake/pynqrealreal/solution1/.autopilot/db/global.setting.tcl 
Command     ap_source returned 0; 0 sec.
Execute     source D:/Vivado/Vivado/2017.4/common/technology/generic/autopilot/common.gen 
Execute       source D:/Vivado/Vivado/2017.4/common/technology/generic/autopilot/APCoreGen.gen 
Command       ap_source returned 0; 0.001 sec.
Command     ap_source returned 0; 0.001 sec.
Execute     source D:/Vivado/Vivado/2017.4/common/technology/generic/autopilot/op.gen 
Command     ap_source returned 0; 0 sec.
Execute     source D:/Vivado/Vivado/2017.4/common/technology/generic/autopilot/op_simcore.gen 
Command     ap_source returned 0; 0.001 sec.
Execute     source D:/Vivado/Vivado/2017.4/common/technology/generic/autopilot/interface.gen 
Command     ap_source returned 0; 0 sec.
Execute     source D:/HLS/Quicktake/pynqrealreal/solution1/.autopilot/db/global.setting.tcl 
Command     ap_source returned 0; 0.001 sec.
Execute     source D:/Vivado/Vivado/2017.4/common/technology/xilinx/zynq/zynq.gen 
Execute       source D:/Vivado/Vivado/2017.4/common/technology/xilinx/common/virtex.gen 
Execute         source D:/Vivado/Vivado/2017.4/common/technology/xilinx/common/xilinx.gen 
Execute           source D:/Vivado/Vivado/2017.4/common/technology/xilinx/interface/plb46.gen 
Command           ap_source returned 0; 0.001 sec.
Execute           source D:/Vivado/Vivado/2017.4/common/technology/xilinx/interface/fsl.gen 
Command           ap_source returned 0; 0 sec.
Execute           source D:/Vivado/Vivado/2017.4/common/technology/xilinx/interface/axi4.gen 
Command           ap_source returned 0; 0.001 sec.
Execute           source D:/Vivado/Vivado/2017.4/common/technology/xilinx/interface/nativeAXI4.gen 
Execute             source D:/Vivado/Vivado/2017.4/common/technology/xilinx/interface/saxilite.gen 
Command             ap_source returned 0; 0.002 sec.
Execute             source D:/Vivado/Vivado/2017.4/common/technology/xilinx/interface/maxi.gen 
Command             ap_source returned 0; 0.005 sec.
Command           ap_source returned 0; 0.007 sec.
Execute           source D:/Vivado/Vivado/2017.4/common/technology/xilinx/scripts/xilinxcoregen.gen 
Command           ap_source returned 0; 0.007 sec.
Execute           source D:/Vivado/Vivado/2017.4/common/technology/xilinx/interface/XilEDKCoreGen.gen 
Command           ap_source returned 0; 0.006 sec.
Execute           source D:/Vivado/Vivado/2017.4/common/technology/xilinx/ip/dds_compiler.gen 
Command           ap_source returned 0; 0.002 sec.
Execute           source D:/Vivado/Vivado/2017.4/common/technology/xilinx/ip/util.gen 
Command           ap_source returned 0; 0 sec.
Execute           source D:/Vivado/Vivado/2017.4/common/technology/xilinx/ip/xfft.gen 
Command           ap_source returned 0; 0.064 sec.
Execute           source D:/Vivado/Vivado/2017.4/common/technology/xilinx/ip/xfir.gen 
Command           ap_source returned 0; 0 sec.
Command         ap_source returned 0; 0.089 sec.
Execute         source D:/Vivado/Vivado/2017.4/common/technology/xilinx/common/dsp48.gen 
Command         ap_source returned 0; 0 sec.
Command       ap_source returned 0; 0.09 sec.
Command     ap_source returned 0; 0.09 sec.
Execute     source D:/Vivado/Vivado/2017.4/common/technology/xilinx/zynq/zynq_fpv6.gen 
Execute       source D:/Vivado/Vivado/2017.4/common/technology/xilinx/common/xilinx_fpv6.gen 
Command       ap_source returned 0; 0.001 sec.
Command     ap_source returned 0; 0.002 sec.
Execute     source D:/HLS/Quicktake/pynqrealreal/solution1/.autopilot/db/global.setting.tcl 
Command     ap_source returned 0; 0 sec.
Execute     source D:/HLS/Quicktake/pynqrealreal/solution1/.autopilot/db/global.setting.tcl 
Command     ap_source returned 0; 0.001 sec.
Execute     source D:/Vivado/Vivado/2017.4/common/technology/generic/autopilot/common.gen 
Execute       source D:/Vivado/Vivado/2017.4/common/technology/generic/autopilot/APCoreGen.gen 
Command       ap_source returned 0; 0.001 sec.
Command     ap_source returned 0; 0.001 sec.
Execute     source D:/Vivado/Vivado/2017.4/common/technology/generic/autopilot/op.gen 
Command     ap_source returned 0; 0 sec.
Execute     source D:/Vivado/Vivado/2017.4/common/technology/generic/autopilot/op_simcore.gen 
Command     ap_source returned 0; 0.001 sec.
Execute     source D:/Vivado/Vivado/2017.4/common/technology/generic/autopilot/interface.gen 
Command     ap_source returned 0; 0 sec.
Execute     source D:/HLS/Quicktake/pynqrealreal/solution1/.autopilot/db/global.setting.tcl 
Command     ap_source returned 0; 0 sec.
Execute     source D:/Vivado/Vivado/2017.4/common/technology/xilinx/zynq/zynq.gen 
Execute       source D:/Vivado/Vivado/2017.4/common/technology/xilinx/common/virtex.gen 
Execute         source D:/Vivado/Vivado/2017.4/common/technology/xilinx/common/xilinx.gen 
Execute           source D:/Vivado/Vivado/2017.4/common/technology/xilinx/interface/plb46.gen 
Command           ap_source returned 0; 0.001 sec.
Execute           source D:/Vivado/Vivado/2017.4/common/technology/xilinx/interface/fsl.gen 
Command           ap_source returned 0; 0 sec.
Execute           source D:/Vivado/Vivado/2017.4/common/technology/xilinx/interface/axi4.gen 
Command           ap_source returned 0; 0.002 sec.
Execute           source D:/Vivado/Vivado/2017.4/common/technology/xilinx/interface/nativeAXI4.gen 
Execute             source D:/Vivado/Vivado/2017.4/common/technology/xilinx/interface/saxilite.gen 
Command             ap_source returned 0; 0.003 sec.
Execute             source D:/Vivado/Vivado/2017.4/common/technology/xilinx/interface/maxi.gen 
Command             ap_source returned 0; 0.004 sec.
Command           ap_source returned 0; 0.007 sec.
Execute           source D:/Vivado/Vivado/2017.4/common/technology/xilinx/scripts/xilinxcoregen.gen 
Command           ap_source returned 0; 0.008 sec.
Execute           source D:/Vivado/Vivado/2017.4/common/technology/xilinx/interface/XilEDKCoreGen.gen 
Command           ap_source returned 0; 0.006 sec.
Execute           source D:/Vivado/Vivado/2017.4/common/technology/xilinx/ip/dds_compiler.gen 
Command           ap_source returned 0; 0.002 sec.
Execute           source D:/Vivado/Vivado/2017.4/common/technology/xilinx/ip/util.gen 
Command           ap_source returned 0; 0 sec.
Execute           source D:/Vivado/Vivado/2017.4/common/technology/xilinx/ip/xfft.gen 
Command           ap_source returned 0; 0.066 sec.
Execute           source D:/Vivado/Vivado/2017.4/common/technology/xilinx/ip/xfir.gen 
Command           ap_source returned 0; 0.001 sec.
Command         ap_source returned 0; 0.093 sec.
Execute         source D:/Vivado/Vivado/2017.4/common/technology/xilinx/common/dsp48.gen 
Command         ap_source returned 0; 0 sec.
Command       ap_source returned 0; 0.094 sec.
Command     ap_source returned 0; 0.095 sec.
Execute     source D:/Vivado/Vivado/2017.4/common/technology/xilinx/zynq/zynq_fpv6.gen 
Execute       source D:/Vivado/Vivado/2017.4/common/technology/xilinx/common/xilinx_fpv6.gen 
Command       ap_source returned 0; 0.001 sec.
Command     ap_source returned 0; 0.001 sec.
Execute     source D:/HLS/Quicktake/pynqrealreal/solution1/.autopilot/db/global.setting.tcl 
Command     ap_source returned 0; 0.001 sec.
Execute     source D:/HLS/Quicktake/pynqrealreal/solution1/.autopilot/db/global.setting.tcl 
Command     ap_source returned 0; 0 sec.
Execute     source D:/HLS/Quicktake/pynqrealreal/solution1/.autopilot/db/global.setting.tcl 
Command     ap_source returned 0; 0.001 sec.
Execute     source D:/Vivado/Vivado/2017.4/common/technology/generic/autopilot/common.gen 
Execute       source D:/Vivado/Vivado/2017.4/common/technology/generic/autopilot/APCoreGen.gen 
Command       ap_source returned 0; 0 sec.
Command     ap_source returned 0; 0 sec.
Execute     source D:/Vivado/Vivado/2017.4/common/technology/generic/autopilot/op.gen 
Command     ap_source returned 0; 0 sec.
Execute     source D:/Vivado/Vivado/2017.4/common/technology/generic/autopilot/op_simcore.gen 
Command     ap_source returned 0; 0.001 sec.
Execute     source D:/Vivado/Vivado/2017.4/common/technology/generic/autopilot/interface.gen 
Command     ap_source returned 0; 0 sec.
Execute     source D:/HLS/Quicktake/pynqrealreal/solution1/.autopilot/db/global.setting.tcl 
Command     ap_source returned 0; 0 sec.
Execute     source D:/Vivado/Vivado/2017.4/common/technology/xilinx/zynq/zynq.gen 
Execute       source D:/Vivado/Vivado/2017.4/common/technology/xilinx/common/virtex.gen 
Execute         source D:/Vivado/Vivado/2017.4/common/technology/xilinx/common/xilinx.gen 
Execute           source D:/Vivado/Vivado/2017.4/common/technology/xilinx/interface/plb46.gen 
Command           ap_source returned 0; 0.001 sec.
Execute           source D:/Vivado/Vivado/2017.4/common/technology/xilinx/interface/fsl.gen 
Command           ap_source returned 0; 0 sec.
Execute           source D:/Vivado/Vivado/2017.4/common/technology/xilinx/interface/axi4.gen 
Command           ap_source returned 0; 0.001 sec.
Execute           source D:/Vivado/Vivado/2017.4/common/technology/xilinx/interface/nativeAXI4.gen 
Execute             source D:/Vivado/Vivado/2017.4/common/technology/xilinx/interface/saxilite.gen 
Command             ap_source returned 0; 0.003 sec.
Execute             source D:/Vivado/Vivado/2017.4/common/technology/xilinx/interface/maxi.gen 
Command             ap_source returned 0; 0.005 sec.
Command           ap_source returned 0; 0.008 sec.
Execute           source D:/Vivado/Vivado/2017.4/common/technology/xilinx/scripts/xilinxcoregen.gen 
Command           ap_source returned 0; 0.008 sec.
Execute           source D:/Vivado/Vivado/2017.4/common/technology/xilinx/interface/XilEDKCoreGen.gen 
Command           ap_source returned 0; 0.005 sec.
Execute           source D:/Vivado/Vivado/2017.4/common/technology/xilinx/ip/dds_compiler.gen 
Command           ap_source returned 0; 0.003 sec.
Execute           source D:/Vivado/Vivado/2017.4/common/technology/xilinx/ip/util.gen 
Command           ap_source returned 0; 0 sec.
Execute           source D:/Vivado/Vivado/2017.4/common/technology/xilinx/ip/xfft.gen 
Command           ap_source returned 0; 0.068 sec.
Execute           source D:/Vivado/Vivado/2017.4/common/technology/xilinx/ip/xfir.gen 
Command           ap_source returned 0; 0.001 sec.
Command         ap_source returned 0; 0.095 sec.
Execute         source D:/Vivado/Vivado/2017.4/common/technology/xilinx/common/dsp48.gen 
Command         ap_source returned 0; 0 sec.
Command       ap_source returned 0; 0.097 sec.
Command     ap_source returned 0; 0.097 sec.
Execute     source D:/Vivado/Vivado/2017.4/common/technology/xilinx/zynq/zynq_fpv6.gen 
Execute       source D:/Vivado/Vivado/2017.4/common/technology/xilinx/common/xilinx_fpv6.gen 
Command       ap_source returned 0; 0.001 sec.
Command     ap_source returned 0; 0.001 sec.
Execute     source D:/HLS/Quicktake/pynqrealreal/solution1/.autopilot/db/global.setting.tcl 
Command     ap_source returned 0; 0.001 sec.
Execute     source D:/HLS/Quicktake/pynqrealreal/solution1/.autopilot/db/fdot_3d.compgen.tcl 
Command     ap_source returned 0; 0.019 sec.
Execute     source D:/HLS/Quicktake/pynqrealreal/solution1/.autopilot/db/fconv.compgen.tcl 
Command     ap_source returned 0; 0.054 sec.
Execute     source D:/HLS/Quicktake/pynqrealreal/solution1/.autopilot/db/ebnn_compute.compgen.tcl 
Command     ap_source returned 0; 0.014 sec.
Execute     source D:/HLS/Quicktake/pynqrealreal/solution1/.autopilot/db/global.setting.tcl 
Command     ap_source returned 0; 0 sec.
Execute     source D:/HLS/Quicktake/pynqrealreal/solution1/.autopilot/db/ebnn_compute.constraint.tcl 
Command     ap_source returned 0; 0.001 sec.
Execute     source D:/HLS/Quicktake/pynqrealreal/solution1/.autopilot/db/ebnn_compute.tbgen.tcl 
Command     ap_source returned 0; 0 sec.
Execute     source D:/HLS/Quicktake/pynqrealreal/solution1/.autopilot/db/global.setting.tcl 
Command     ap_source returned 0; 0 sec.
Execute     source D:/Vivado/Vivado/2017.4/common/technology/generic/autopilot/common.gen 
Execute       source D:/Vivado/Vivado/2017.4/common/technology/generic/autopilot/APCoreGen.gen 
Command       ap_source returned 0; 0 sec.
Command     ap_source returned 0; 0.001 sec.
Execute     source D:/Vivado/Vivado/2017.4/common/technology/generic/autopilot/op.gen 
Command     ap_source returned 0; 0.001 sec.
Execute     source D:/Vivado/Vivado/2017.4/common/technology/generic/autopilot/op_simcore.gen 
Command     ap_source returned 0; 0.001 sec.
Execute     source D:/Vivado/Vivado/2017.4/common/technology/generic/autopilot/interface.gen 
Command     ap_source returned 0; 0 sec.
Execute     source D:/HLS/Quicktake/pynqrealreal/solution1/.autopilot/db/global.setting.tcl 
Command     ap_source returned 0; 0 sec.
Execute     source D:/Vivado/Vivado/2017.4/common/technology/xilinx/zynq/zynq.gen 
Execute       source D:/Vivado/Vivado/2017.4/common/technology/xilinx/common/virtex.gen 
Execute         source D:/Vivado/Vivado/2017.4/common/technology/xilinx/common/xilinx.gen 
Execute           source D:/Vivado/Vivado/2017.4/common/technology/xilinx/interface/plb46.gen 
Command           ap_source returned 0; 0.001 sec.
Execute           source D:/Vivado/Vivado/2017.4/common/technology/xilinx/interface/fsl.gen 
Command           ap_source returned 0; 0 sec.
Execute           source D:/Vivado/Vivado/2017.4/common/technology/xilinx/interface/axi4.gen 
Command           ap_source returned 0; 0.002 sec.
Execute           source D:/Vivado/Vivado/2017.4/common/technology/xilinx/interface/nativeAXI4.gen 
Execute             source D:/Vivado/Vivado/2017.4/common/technology/xilinx/interface/saxilite.gen 
Command             ap_source returned 0; 0.002 sec.
Execute             source D:/Vivado/Vivado/2017.4/common/technology/xilinx/interface/maxi.gen 
Command             ap_source returned 0; 0.005 sec.
Command           ap_source returned 0; 0.007 sec.
Execute           source D:/Vivado/Vivado/2017.4/common/technology/xilinx/scripts/xilinxcoregen.gen 
Command           ap_source returned 0; 0.008 sec.
Execute           source D:/Vivado/Vivado/2017.4/common/technology/xilinx/interface/XilEDKCoreGen.gen 
Command           ap_source returned 0; 0.006 sec.
Execute           source D:/Vivado/Vivado/2017.4/common/technology/xilinx/ip/dds_compiler.gen 
Command           ap_source returned 0; 0.003 sec.
Execute           source D:/Vivado/Vivado/2017.4/common/technology/xilinx/ip/util.gen 
Command           ap_source returned 0; 0 sec.
Execute           source D:/Vivado/Vivado/2017.4/common/technology/xilinx/ip/xfft.gen 
Command           ap_source returned 0; 0.064 sec.
Execute           source D:/Vivado/Vivado/2017.4/common/technology/xilinx/ip/xfir.gen 
Command           ap_source returned 0; 0 sec.
Command         ap_source returned 0; 0.092 sec.
Execute         source D:/Vivado/Vivado/2017.4/common/technology/xilinx/common/dsp48.gen 
Command         ap_source returned 0; 0 sec.
Command       ap_source returned 0; 0.094 sec.
Command     ap_source returned 0; 0.094 sec.
Execute     source D:/Vivado/Vivado/2017.4/common/technology/xilinx/zynq/zynq_fpv6.gen 
Execute       source D:/Vivado/Vivado/2017.4/common/technology/xilinx/common/xilinx_fpv6.gen 
Command       ap_source returned 0; 0.001 sec.
Command     ap_source returned 0; 0.002 sec.
Execute     source D:/HLS/Quicktake/pynqrealreal/solution1/.autopilot/db/global.setting.tcl 
Command     ap_source returned 0; 0 sec.
Command   export_design returned 0; 81.767 sec.
Command ap_source returned 0; 83.417 sec.
Execute cleanup_all 
Command cleanup_all returned 0; 0.026 sec.
