

================================================================
== Vivado HLS Report for 'ebnn_compute'
================================================================
* Date:           Thu Jun 24 05:08:00 2021

* Version:        2017.4 (Build 2086221 on Fri Dec 15 21:13:33 MST 2017)
* Project:        pynqrealreal
* Solution:       solution1
* Product family: zynq
* Target device:  xc7z020clg400-1


================================================================
== Performance Estimates
================================================================
+ Timing (ns): 
    * Summary: 
    +--------+-------+----------+------------+
    |  Clock | Target| Estimated| Uncertainty|
    +--------+-------+----------+------------+
    |ap_clk  |  10.00|      8.39|        1.25|
    +--------+-------+----------+------------+

+ Latency (clock cycles): 
    * Summary: 
    +-----+-----+-----+-----+---------+
    |  Latency  |  Interval | Pipeline|
    | min | max | min | max |   Type  |
    +-----+-----+-----+-----+---------+
    |    ?|    ?|    ?|    ?|   none  |
    +-----+-----+-----+-----+---------+

    + Detail: 
        * Instance: 
        N/A

        * Loop: 
        +-------------+------+------+----------+-----------+-----------+------+----------+
        |             |   Latency   | Iteration|  Initiation Interval  | Trip |          |
        |  Loop Name  |  min |  max |  Latency |  achieved |   target  | Count| Pipelined|
        +-------------+------+------+----------+-----------+-----------+------+----------+
        |- Loop 1     |    45|    45|         1|          -|          -|    45|    no    |
        |- Loop 2     |     ?|     ?|         ?|          -|          -|    10|    no    |
        |- Loop 3     |  1790|  1790|       179|          -|          -|    10|    no    |
        | + Loop 3.1  |   135|   135|         3|          -|          -|    45|    no    |
        +-------------+------+------+----------+-----------+-----------+------+----------+

============================================================
+ Verbose Summary: Synthesis Manager
============================================================
InlineROM: 1
ExposeGlobal: 0
============================================================
+ Verbose Summary: CDFG Model
============================================================
IsTopModel: 1
ResetActiveHigh: 1
IsCombinational: 0
IsDatapathOnly: 0
HasWiredReturn: 1
HasMFsm: 0
HasVarLatency: 1
IsPipeline: 0
IsRtlPipelined: 0
IsInstanceOverlapped: 0
IsDontTouch: 0
HasImplIP: 0
IsGatedGlobalClock: 0


============================================================
+ Verbose Summary: Schedule
============================================================
* Number of FSM states : 51
* Pipeline : 0
* Dataflow Pipeline: 0

* FSM state transitions: 
1 --> 
	2  / true
2 --> 
	2  / (!exitcond1)
	3  / (exitcond1)
3 --> 
	4  / (!exitcond_i)
	6  / (exitcond_i)
4 --> 
	5  / true
5 --> 
	3  / true
6 --> 
	7  / (!exitcond_i_i)
7 --> 
	8  / (!exitcond)
	10  / (exitcond)
8 --> 
	9  / true
9 --> 
	7  / true
10 --> 
	11  / true
11 --> 
	12  / true
12 --> 
	13  / true
13 --> 
	14  / true
14 --> 
	15  / true
15 --> 
	16  / true
16 --> 
	17  / true
17 --> 
	18  / true
18 --> 
	19  / true
19 --> 
	20  / true
20 --> 
	21  / true
21 --> 
	22  / true
22 --> 
	23  / true
23 --> 
	24  / true
24 --> 
	25  / true
25 --> 
	26  / true
26 --> 
	27  / true
27 --> 
	28  / true
28 --> 
	29  / true
29 --> 
	30  / true
30 --> 
	31  / true
31 --> 
	32  / true
32 --> 
	33  / true
33 --> 
	34  / true
34 --> 
	35  / true
35 --> 
	36  / true
36 --> 
	37  / true
37 --> 
	38  / true
38 --> 
	39  / true
39 --> 
	40  / true
40 --> 
	41  / true
41 --> 
	42  / true
42 --> 
	43  / true
43 --> 
	44  / true
44 --> 
	45  / true
45 --> 
	46  / true
46 --> 
	47  / true
47 --> 
	48  / true
48 --> 
	49  / true
49 --> 
	50  / true
50 --> 
	51  / true
51 --> 
	6  / true

* FSM state operations: 

 <State 1> : 1.77ns
ST_1 : Operation 52 [1/1] (0.00ns)   --->   "call void (...)* @_ssdm_op_SpecBitsMap([15680 x float]* %input_r) nounwind, !map !91"
ST_1 : Operation 53 [1/1] (0.00ns)   --->   "call void (...)* @_ssdm_op_SpecBitsMap([20 x i8]* %output_r) nounwind, !map !97"
ST_1 : Operation 54 [1/1] (0.00ns)   --->   "call void (...)* @_ssdm_op_SpecTopModule([13 x i8]* @ebnn_compute_str) nounwind"
ST_1 : Operation 55 [1/1] (0.00ns)   --->   "%empty = call i32 (...)* @_ssdm_op_SpecMemCore([15680 x float]* %input_r, [1 x i8]* @p_str5, [7 x i8]* @RAM_1P_str, [1 x i8]* @p_str5, i32 -1, [1 x i8]* @p_str5, [1 x i8]* @p_str5, [1 x i8]* @p_str5, [1 x i8]* @p_str5, [1 x i8]* @p_str5) nounwind"
ST_1 : Operation 56 [1/1] (0.00ns)   --->   "call void (...)* @_ssdm_op_SpecInterface([15680 x float]* %input_r, [10 x i8]* @p_str, i32 0, i32 0, [1 x i8]* @p_str1, i32 0, i32 0, [9 x i8]* @p_str2, [1 x i8]* @p_str1, [1 x i8]* @p_str1, i32 0, i32 0, i32 0, i32 0, [1 x i8]* @p_str1, [1 x i8]* @p_str1) nounwind"
ST_1 : Operation 57 [1/1] (0.00ns)   --->   "%empty_13 = call i32 (...)* @_ssdm_op_SpecMemCore([20 x i8]* %output_r, [1 x i8]* @p_str6, [7 x i8]* @RAM_1P_str, [1 x i8]* @p_str6, i32 -1, [1 x i8]* @p_str6, [1 x i8]* @p_str6, [1 x i8]* @p_str6, [1 x i8]* @p_str6, [1 x i8]* @p_str6) nounwind"
ST_1 : Operation 58 [1/1] (0.00ns)   --->   "call void (...)* @_ssdm_op_SpecInterface([20 x i8]* %output_r, [10 x i8]* @p_str, i32 0, i32 0, [1 x i8]* @p_str1, i32 0, i32 0, [10 x i8]* @p_str3, [1 x i8]* @p_str1, [1 x i8]* @p_str1, i32 0, i32 0, i32 0, i32 0, [1 x i8]* @p_str1, [1 x i8]* @p_str1) nounwind"
ST_1 : Operation 59 [1/1] (0.00ns)   --->   "call void (...)* @_ssdm_op_SpecInterface(i32 0, [10 x i8]* @p_str, i32 0, i32 0, [1 x i8]* @p_str1, i32 0, i32 0, [13 x i8]* @p_str4, [1 x i8]* @p_str1, [1 x i8]* @p_str1, i32 0, i32 0, i32 0, i32 0, [1 x i8]* @p_str1, [1 x i8]* @p_str1) nounwind" [pynqebnnrealcodes/ebnn_mnist.c:29]
ST_1 : Operation 60 [1/1] (1.76ns)   --->   "br label %1" [pynqebnnrealcodes/ebnn.h:182->pynqebnnrealcodes/ebnn_mnist.c:9->pynqebnnrealcodes/ebnn_mnist.c:31]

 <State 2> : 2.30ns
ST_2 : Operation 61 [1/1] (0.00ns)   --->   "%i_i = phi i6 [ 0, %0 ], [ %i, %2 ]"
ST_2 : Operation 62 [1/1] (1.42ns)   --->   "%exitcond1 = icmp eq i6 %i_i, -19" [pynqebnnrealcodes/ebnn.h:182->pynqebnnrealcodes/ebnn_mnist.c:9->pynqebnnrealcodes/ebnn_mnist.c:31]   --->   Core 25 'Cmp' <Latency = 0> <II = 1> <Delay = 2.44> <FuncUnit> <Opcode : 'icmp'> <InPorts = 2> <OutPorts = 1>
ST_2 : Operation 63 [1/1] (0.00ns)   --->   "%empty_14 = call i32 (...)* @_ssdm_op_SpecLoopTripCount(i64 45, i64 45, i64 45) nounwind"
ST_2 : Operation 64 [1/1] (1.82ns)   --->   "%i = add i6 %i_i, 1" [pynqebnnrealcodes/ebnn.h:182->pynqebnnrealcodes/ebnn_mnist.c:9->pynqebnnrealcodes/ebnn_mnist.c:31]   --->   Core 14 'AddSub' <Latency = 0> <II = 1> <Delay = 1.97> <FuncUnit> <Opcode : 'add' 'sub'> <InPorts = 2> <OutPorts = 1>
ST_2 : Operation 65 [1/1] (0.00ns)   --->   "br i1 %exitcond1, label %.preheader.0.i.preheader, label %2" [pynqebnnrealcodes/ebnn.h:182->pynqebnnrealcodes/ebnn_mnist.c:9->pynqebnnrealcodes/ebnn_mnist.c:31]
ST_2 : Operation 66 [1/1] (0.00ns)   --->   "%tmp_14_i = zext i6 %i_i to i64" [pynqebnnrealcodes/ebnn.h:183->pynqebnnrealcodes/ebnn_mnist.c:9->pynqebnnrealcodes/ebnn_mnist.c:31]
ST_2 : Operation 67 [1/1] (0.00ns)   --->   "%temp1_addr = getelementptr [104 x i8]* @temp1, i64 0, i64 %tmp_14_i" [pynqebnnrealcodes/ebnn.h:183->pynqebnnrealcodes/ebnn_mnist.c:9->pynqebnnrealcodes/ebnn_mnist.c:31]
ST_2 : Operation 68 [1/1] (2.30ns)   --->   "store i8 0, i8* %temp1_addr, align 1" [pynqebnnrealcodes/ebnn.h:183->pynqebnnrealcodes/ebnn_mnist.c:9->pynqebnnrealcodes/ebnn_mnist.c:31]   --->   Core 37 'RAM' <Latency = 1> <II = 1> <Delay = 2.30> <Storage> <Opcode : 'load' 'store'> <Ports = 2> <Width = 8> <Depth = 104> <RAM>
ST_2 : Operation 69 [1/1] (0.00ns)   --->   "br label %1" [pynqebnnrealcodes/ebnn.h:182->pynqebnnrealcodes/ebnn_mnist.c:9->pynqebnnrealcodes/ebnn_mnist.c:31]
ST_2 : Operation 70 [1/1] (1.76ns)   --->   "br label %.preheader.0.i" [pynqebnnrealcodes/ebnn.h:187->pynqebnnrealcodes/ebnn_mnist.c:9->pynqebnnrealcodes/ebnn_mnist.c:31]

 <State 3> : 3.25ns
ST_3 : Operation 71 [1/1] (0.00ns)   --->   "%j_i = phi i4 [ %j_2_i, %3 ], [ 0, %.preheader.0.i.preheader ]" [pynqebnnrealcodes/ebnn.h:187->pynqebnnrealcodes/ebnn_mnist.c:9->pynqebnnrealcodes/ebnn_mnist.c:31]
ST_3 : Operation 72 [1/1] (0.00ns)   --->   "%c_idx_1_i = phi i9 [ %tmp_17_i, %3 ], [ 0, %.preheader.0.i.preheader ]" [pynqebnnrealcodes/ebnn.h:193->pynqebnnrealcodes/ebnn_mnist.c:9->pynqebnnrealcodes/ebnn_mnist.c:31]
ST_3 : Operation 73 [1/1] (1.30ns)   --->   "%exitcond_i = icmp eq i4 %j_i, -6" [pynqebnnrealcodes/ebnn.h:187->pynqebnnrealcodes/ebnn_mnist.c:9->pynqebnnrealcodes/ebnn_mnist.c:31]   --->   Core 25 'Cmp' <Latency = 0> <II = 1> <Delay = 2.44> <FuncUnit> <Opcode : 'icmp'> <InPorts = 2> <OutPorts = 1>
ST_3 : Operation 74 [1/1] (0.00ns)   --->   "%empty_15 = call i32 (...)* @_ssdm_op_SpecLoopTripCount(i64 10, i64 10, i64 10) nounwind"
ST_3 : Operation 75 [1/1] (1.73ns)   --->   "%j_2_i = add i4 %j_i, 1" [pynqebnnrealcodes/ebnn.h:187->pynqebnnrealcodes/ebnn_mnist.c:9->pynqebnnrealcodes/ebnn_mnist.c:31]   --->   Core 14 'AddSub' <Latency = 0> <II = 1> <Delay = 1.97> <FuncUnit> <Opcode : 'add' 'sub'> <InPorts = 2> <OutPorts = 1>
ST_3 : Operation 76 [1/1] (0.00ns)   --->   "br i1 %exitcond_i, label %fconv_layer.exit.preheader, label %3" [pynqebnnrealcodes/ebnn.h:187->pynqebnnrealcodes/ebnn_mnist.c:9->pynqebnnrealcodes/ebnn_mnist.c:31]
ST_3 : Operation 77 [1/1] (0.00ns)   --->   "%tmp_16_i = zext i4 %j_i to i64" [pynqebnnrealcodes/ebnn.h:190->pynqebnnrealcodes/ebnn_mnist.c:9->pynqebnnrealcodes/ebnn_mnist.c:31]
ST_3 : Operation 78 [1/1] (0.00ns)   --->   "%l_conv_pool_bn_bst0_s = getelementptr inbounds [10 x float]* @l_conv_pool_bn_bst0_1, i64 0, i64 %tmp_16_i" [pynqebnnrealcodes/ebnn.h:190->pynqebnnrealcodes/ebnn_mnist.c:9->pynqebnnrealcodes/ebnn_mnist.c:31]
ST_3 : Operation 79 [2/2] (3.25ns)   --->   "%l_conv_pool_bn_bst0_8 = load float* %l_conv_pool_bn_bst0_s, align 4" [pynqebnnrealcodes/ebnn.h:190->pynqebnnrealcodes/ebnn_mnist.c:9->pynqebnnrealcodes/ebnn_mnist.c:31]   --->   Core 48 'ROM_nP' <Latency = 1> <II = 1> <Delay = 3.25> <Storage> <Opcode : 'load'> <Ports = 0> <Width = 32> <Depth = 10> <ROM>
ST_3 : Operation 80 [1/1] (0.00ns)   --->   "%l_conv_pool_bn_bst0_9 = getelementptr inbounds [10 x float]* @l_conv_pool_bn_bst0_4, i64 0, i64 %tmp_16_i" [pynqebnnrealcodes/ebnn.h:190->pynqebnnrealcodes/ebnn_mnist.c:9->pynqebnnrealcodes/ebnn_mnist.c:31]
ST_3 : Operation 81 [2/2] (3.25ns)   --->   "%l_conv_pool_bn_bst0_10 = load float* %l_conv_pool_bn_bst0_9, align 4" [pynqebnnrealcodes/ebnn.h:190->pynqebnnrealcodes/ebnn_mnist.c:9->pynqebnnrealcodes/ebnn_mnist.c:31]   --->   Core 48 'ROM_nP' <Latency = 1> <II = 1> <Delay = 3.25> <Storage> <Opcode : 'load'> <Ports = 0> <Width = 32> <Depth = 10> <ROM>
ST_3 : Operation 82 [1/1] (0.00ns)   --->   "%l_conv_pool_bn_bst0_11 = getelementptr inbounds [10 x float]* @l_conv_pool_bn_bst0_3, i64 0, i64 %tmp_16_i" [pynqebnnrealcodes/ebnn.h:190->pynqebnnrealcodes/ebnn_mnist.c:9->pynqebnnrealcodes/ebnn_mnist.c:31]
ST_3 : Operation 83 [2/2] (3.25ns)   --->   "%l_conv_pool_bn_bst0_12 = load float* %l_conv_pool_bn_bst0_11, align 4" [pynqebnnrealcodes/ebnn.h:190->pynqebnnrealcodes/ebnn_mnist.c:9->pynqebnnrealcodes/ebnn_mnist.c:31]   --->   Core 48 'ROM_nP' <Latency = 1> <II = 1> <Delay = 3.25> <Storage> <Opcode : 'load'> <Ports = 0> <Width = 32> <Depth = 10> <ROM>
ST_3 : Operation 84 [1/1] (0.00ns)   --->   "%l_conv_pool_bn_bst0_13 = getelementptr inbounds [10 x float]* @l_conv_pool_bn_bst0_5, i64 0, i64 %tmp_16_i" [pynqebnnrealcodes/ebnn.h:190->pynqebnnrealcodes/ebnn_mnist.c:9->pynqebnnrealcodes/ebnn_mnist.c:31]
ST_3 : Operation 85 [2/2] (3.25ns)   --->   "%l_conv_pool_bn_bst0_14 = load float* %l_conv_pool_bn_bst0_13, align 4" [pynqebnnrealcodes/ebnn.h:190->pynqebnnrealcodes/ebnn_mnist.c:9->pynqebnnrealcodes/ebnn_mnist.c:31]   --->   Core 48 'ROM_nP' <Latency = 1> <II = 1> <Delay = 3.25> <Storage> <Opcode : 'load'> <Ports = 0> <Width = 32> <Depth = 10> <ROM>
ST_3 : Operation 86 [1/1] (0.00ns)   --->   "%l_conv_pool_bn_bst0_15 = getelementptr inbounds [10 x float]* @l_conv_pool_bn_bst0_s, i64 0, i64 %tmp_16_i" [pynqebnnrealcodes/ebnn.h:190->pynqebnnrealcodes/ebnn_mnist.c:9->pynqebnnrealcodes/ebnn_mnist.c:31]
ST_3 : Operation 87 [2/2] (3.25ns)   --->   "%l_conv_pool_bn_bst0_16 = load float* %l_conv_pool_bn_bst0_15, align 4" [pynqebnnrealcodes/ebnn.h:190->pynqebnnrealcodes/ebnn_mnist.c:9->pynqebnnrealcodes/ebnn_mnist.c:31]   --->   Core 48 'ROM_nP' <Latency = 1> <II = 1> <Delay = 3.25> <Storage> <Opcode : 'load'> <Ports = 0> <Width = 32> <Depth = 10> <ROM>
ST_3 : Operation 88 [1/1] (1.76ns)   --->   "br label %fconv_layer.exit"

 <State 4> : 8.16ns
ST_4 : Operation 89 [1/1] (0.00ns)   --->   "%f_idx_i = call i5 @_ssdm_op_BitConcatenate.i5.i4.i1(i4 %j_i, i1 false)" [pynqebnnrealcodes/ebnn.h:189->pynqebnnrealcodes/ebnn_mnist.c:9->pynqebnnrealcodes/ebnn_mnist.c:31]
ST_4 : Operation 90 [1/2] (3.25ns)   --->   "%l_conv_pool_bn_bst0_8 = load float* %l_conv_pool_bn_bst0_s, align 4" [pynqebnnrealcodes/ebnn.h:190->pynqebnnrealcodes/ebnn_mnist.c:9->pynqebnnrealcodes/ebnn_mnist.c:31]   --->   Core 48 'ROM_nP' <Latency = 1> <II = 1> <Delay = 3.25> <Storage> <Opcode : 'load'> <Ports = 0> <Width = 32> <Depth = 10> <ROM>
ST_4 : Operation 91 [1/2] (3.25ns)   --->   "%l_conv_pool_bn_bst0_10 = load float* %l_conv_pool_bn_bst0_9, align 4" [pynqebnnrealcodes/ebnn.h:190->pynqebnnrealcodes/ebnn_mnist.c:9->pynqebnnrealcodes/ebnn_mnist.c:31]   --->   Core 48 'ROM_nP' <Latency = 1> <II = 1> <Delay = 3.25> <Storage> <Opcode : 'load'> <Ports = 0> <Width = 32> <Depth = 10> <ROM>
ST_4 : Operation 92 [1/2] (3.25ns)   --->   "%l_conv_pool_bn_bst0_12 = load float* %l_conv_pool_bn_bst0_11, align 4" [pynqebnnrealcodes/ebnn.h:190->pynqebnnrealcodes/ebnn_mnist.c:9->pynqebnnrealcodes/ebnn_mnist.c:31]   --->   Core 48 'ROM_nP' <Latency = 1> <II = 1> <Delay = 3.25> <Storage> <Opcode : 'load'> <Ports = 0> <Width = 32> <Depth = 10> <ROM>
ST_4 : Operation 93 [1/2] (3.25ns)   --->   "%l_conv_pool_bn_bst0_14 = load float* %l_conv_pool_bn_bst0_13, align 4" [pynqebnnrealcodes/ebnn.h:190->pynqebnnrealcodes/ebnn_mnist.c:9->pynqebnnrealcodes/ebnn_mnist.c:31]   --->   Core 48 'ROM_nP' <Latency = 1> <II = 1> <Delay = 3.25> <Storage> <Opcode : 'load'> <Ports = 0> <Width = 32> <Depth = 10> <ROM>
ST_4 : Operation 94 [1/2] (3.25ns)   --->   "%l_conv_pool_bn_bst0_16 = load float* %l_conv_pool_bn_bst0_15, align 4" [pynqebnnrealcodes/ebnn.h:190->pynqebnnrealcodes/ebnn_mnist.c:9->pynqebnnrealcodes/ebnn_mnist.c:31]   --->   Core 48 'ROM_nP' <Latency = 1> <II = 1> <Delay = 3.25> <Storage> <Opcode : 'load'> <Ports = 0> <Width = 32> <Depth = 10> <ROM>
ST_4 : Operation 95 [2/2] (4.90ns)   --->   "call fastcc void @fconv([15680 x float]* %input_r, i5 %f_idx_i, [104 x i8]* @temp1, i9 %c_idx_1_i, float %l_conv_pool_bn_bst0_8, float %l_conv_pool_bn_bst0_10, float %l_conv_pool_bn_bst0_12, float %l_conv_pool_bn_bst0_14, float %l_conv_pool_bn_bst0_16) nounwind" [pynqebnnrealcodes/ebnn.h:190->pynqebnnrealcodes/ebnn_mnist.c:9->pynqebnnrealcodes/ebnn_mnist.c:31]   --->   Core 0 '' <Latency = 0> <II = 1> <Delay = 1.00> <Generic> <Opcode : >
ST_4 : Operation 96 [1/1] (1.93ns)   --->   "%tmp_17_i = add i9 %c_idx_1_i, 36" [pynqebnnrealcodes/ebnn.h:193->pynqebnnrealcodes/ebnn_mnist.c:9->pynqebnnrealcodes/ebnn_mnist.c:31]   --->   Core 14 'AddSub' <Latency = 0> <II = 1> <Delay = 1.97> <FuncUnit> <Opcode : 'add' 'sub'> <InPorts = 2> <OutPorts = 1>

 <State 5> : 0.00ns
ST_5 : Operation 97 [1/2] (0.00ns)   --->   "call fastcc void @fconv([15680 x float]* %input_r, i5 %f_idx_i, [104 x i8]* @temp1, i9 %c_idx_1_i, float %l_conv_pool_bn_bst0_8, float %l_conv_pool_bn_bst0_10, float %l_conv_pool_bn_bst0_12, float %l_conv_pool_bn_bst0_14, float %l_conv_pool_bn_bst0_16) nounwind" [pynqebnnrealcodes/ebnn.h:190->pynqebnnrealcodes/ebnn_mnist.c:9->pynqebnnrealcodes/ebnn_mnist.c:31]   --->   Core 0 '' <Latency = 0> <II = 1> <Delay = 1.00> <Generic> <Opcode : >
ST_5 : Operation 98 [1/1] (0.00ns)   --->   "br label %.preheader.0.i" [pynqebnnrealcodes/ebnn.h:187->pynqebnnrealcodes/ebnn_mnist.c:9->pynqebnnrealcodes/ebnn_mnist.c:31]

 <State 6> : 2.32ns
ST_6 : Operation 99 [1/1] (0.00ns)   --->   "%max_idx_i_i = phi i4 [ %j_i_i, %bdot.exit ], [ 0, %fconv_layer.exit.preheader ]" [pynqebnnrealcodes/ebnn.h:148->pynqebnnrealcodes/ebnn_mnist.c:19->pynqebnnrealcodes/ebnn_mnist.c:32]
ST_6 : Operation 100 [1/1] (0.00ns)   --->   "%max_idx_1_i_i = phi i32 [ %max_idx_2_i_i, %bdot.exit ], [ undef, %fconv_layer.exit.preheader ]" [pynqebnnrealcodes/ebnn.h:153->pynqebnnrealcodes/ebnn_mnist.c:19->pynqebnnrealcodes/ebnn_mnist.c:32]
ST_6 : Operation 101 [1/1] (0.00ns)   --->   "%max_res_i_i = phi float [ %max_res_1_i_i, %bdot.exit ], [ 0xC7EFFFFFE0000000, %fconv_layer.exit.preheader ]" [pynqebnnrealcodes/ebnn.h:153->pynqebnnrealcodes/ebnn_mnist.c:19->pynqebnnrealcodes/ebnn_mnist.c:32]
ST_6 : Operation 102 [1/1] (0.00ns)   --->   "%phi_mul = phi i9 [ %next_mul, %bdot.exit ], [ 0, %fconv_layer.exit.preheader ]"
ST_6 : Operation 103 [1/1] (1.93ns)   --->   "%next_mul = add i9 %phi_mul, 45"   --->   Core 14 'AddSub' <Latency = 0> <II = 1> <Delay = 1.97> <FuncUnit> <Opcode : 'add' 'sub'> <InPorts = 2> <OutPorts = 1>
ST_6 : Operation 104 [1/1] (0.00ns)   --->   "%max_idx_i_i_cast5 = zext i4 %max_idx_i_i to i32" [pynqebnnrealcodes/ebnn.h:148->pynqebnnrealcodes/ebnn_mnist.c:19->pynqebnnrealcodes/ebnn_mnist.c:32]
ST_6 : Operation 105 [1/1] (1.30ns)   --->   "%exitcond_i_i = icmp eq i4 %max_idx_i_i, -6" [pynqebnnrealcodes/ebnn.h:148->pynqebnnrealcodes/ebnn_mnist.c:19->pynqebnnrealcodes/ebnn_mnist.c:32]   --->   Core 25 'Cmp' <Latency = 0> <II = 1> <Delay = 2.44> <FuncUnit> <Opcode : 'icmp'> <InPorts = 2> <OutPorts = 1>
ST_6 : Operation 106 [1/1] (0.00ns)   --->   "%empty_16 = call i32 (...)* @_ssdm_op_SpecLoopTripCount(i64 10, i64 10, i64 10) nounwind"
ST_6 : Operation 107 [1/1] (1.73ns)   --->   "%j_i_i = add i4 %max_idx_i_i, 1" [pynqebnnrealcodes/ebnn.h:148->pynqebnnrealcodes/ebnn_mnist.c:19->pynqebnnrealcodes/ebnn_mnist.c:32]   --->   Core 14 'AddSub' <Latency = 0> <II = 1> <Delay = 1.97> <FuncUnit> <Opcode : 'add' 'sub'> <InPorts = 2> <OutPorts = 1>
ST_6 : Operation 108 [1/1] (0.00ns)   --->   "br i1 %exitcond_i_i, label %l_b_linear_bn_softmax1.exit, label %.preheader.preheader" [pynqebnnrealcodes/ebnn.h:148->pynqebnnrealcodes/ebnn_mnist.c:19->pynqebnnrealcodes/ebnn_mnist.c:32]
ST_6 : Operation 109 [1/1] (1.76ns)   --->   "br label %.preheader" [pynqebnnrealcodes/ebnn.h:250->pynqebnnrealcodes/ebnn.h:150->pynqebnnrealcodes/ebnn_mnist.c:19->pynqebnnrealcodes/ebnn_mnist.c:32]
ST_6 : Operation 110 [1/1] (0.00ns)   --->   "%tmp_35 = trunc i32 %max_idx_1_i_i to i8" [pynqebnnrealcodes/ebnn.h:158->pynqebnnrealcodes/ebnn_mnist.c:19->pynqebnnrealcodes/ebnn_mnist.c:32]
ST_6 : Operation 111 [1/1] (0.00ns)   --->   "%output_addr = getelementptr [20 x i8]* %output_r, i64 0, i64 0" [pynqebnnrealcodes/ebnn.h:158->pynqebnnrealcodes/ebnn_mnist.c:19->pynqebnnrealcodes/ebnn_mnist.c:32]
ST_6 : Operation 112 [1/1] (2.32ns)   --->   "store i8 %tmp_35, i8* %output_addr, align 1" [pynqebnnrealcodes/ebnn.h:158->pynqebnnrealcodes/ebnn_mnist.c:19->pynqebnnrealcodes/ebnn_mnist.c:32]   --->   Core 42 'RAM_1P' <Latency = 1> <II = 1> <Delay = 2.32> <Storage> <Opcode : 'load' 'store'> <Ports = 1> <Width = 8> <Depth = 20> <RAM>
ST_6 : Operation 113 [1/1] (0.00ns)   --->   "ret void" [pynqebnnrealcodes/ebnn_mnist.c:33]

 <State 7> : 8.39ns
ST_7 : Operation 114 [1/1] (0.00ns)   --->   "%i_i1 = phi i6 [ %i_1, %4 ], [ 0, %.preheader.preheader ]"
ST_7 : Operation 115 [1/1] (0.00ns)   --->   "%res_i = phi i10 [ %res, %4 ], [ 0, %.preheader.preheader ]"
ST_7 : Operation 116 [1/1] (1.42ns)   --->   "%exitcond = icmp eq i6 %i_i1, -19" [pynqebnnrealcodes/ebnn.h:250->pynqebnnrealcodes/ebnn.h:150->pynqebnnrealcodes/ebnn_mnist.c:19->pynqebnnrealcodes/ebnn_mnist.c:32]   --->   Core 25 'Cmp' <Latency = 0> <II = 1> <Delay = 2.44> <FuncUnit> <Opcode : 'icmp'> <InPorts = 2> <OutPorts = 1>
ST_7 : Operation 117 [1/1] (0.00ns)   --->   "%empty_17 = call i32 (...)* @_ssdm_op_SpecLoopTripCount(i64 45, i64 45, i64 45) nounwind"
ST_7 : Operation 118 [1/1] (1.82ns)   --->   "%i_1 = add i6 %i_i1, 1" [pynqebnnrealcodes/ebnn.h:250->pynqebnnrealcodes/ebnn.h:150->pynqebnnrealcodes/ebnn_mnist.c:19->pynqebnnrealcodes/ebnn_mnist.c:32]   --->   Core 14 'AddSub' <Latency = 0> <II = 1> <Delay = 1.97> <FuncUnit> <Opcode : 'add' 'sub'> <InPorts = 2> <OutPorts = 1>
ST_7 : Operation 119 [1/1] (0.00ns)   --->   "br i1 %exitcond, label %bdot.exit, label %4" [pynqebnnrealcodes/ebnn.h:250->pynqebnnrealcodes/ebnn.h:150->pynqebnnrealcodes/ebnn_mnist.c:19->pynqebnnrealcodes/ebnn_mnist.c:32]
ST_7 : Operation 120 [1/1] (0.00ns)   --->   "%tmp_35_i = zext i6 %i_i1 to i64" [pynqebnnrealcodes/ebnn.h:251->pynqebnnrealcodes/ebnn.h:150->pynqebnnrealcodes/ebnn_mnist.c:19->pynqebnnrealcodes/ebnn_mnist.c:32]
ST_7 : Operation 121 [1/1] (0.00ns)   --->   "%tmp_35_i_cast = zext i6 %i_i1 to i9" [pynqebnnrealcodes/ebnn.h:251->pynqebnnrealcodes/ebnn.h:150->pynqebnnrealcodes/ebnn_mnist.c:19->pynqebnnrealcodes/ebnn_mnist.c:32]
ST_7 : Operation 122 [1/1] (0.00ns)   --->   "%temp1_addr_1 = getelementptr [104 x i8]* @temp1, i64 0, i64 %tmp_35_i" [pynqebnnrealcodes/ebnn.h:251->pynqebnnrealcodes/ebnn.h:150->pynqebnnrealcodes/ebnn_mnist.c:19->pynqebnnrealcodes/ebnn_mnist.c:32]
ST_7 : Operation 123 [2/2] (2.30ns)   --->   "%temp1_load = load i8* %temp1_addr_1, align 1" [pynqebnnrealcodes/ebnn.h:251->pynqebnnrealcodes/ebnn.h:150->pynqebnnrealcodes/ebnn_mnist.c:19->pynqebnnrealcodes/ebnn_mnist.c:32]   --->   Core 37 'RAM' <Latency = 1> <II = 1> <Delay = 2.30> <Storage> <Opcode : 'load' 'store'> <Ports = 2> <Width = 8> <Depth = 104> <RAM>
ST_7 : Operation 124 [1/1] (1.93ns)   --->   "%sum3_i = add i9 %tmp_35_i_cast, %phi_mul" [pynqebnnrealcodes/ebnn.h:251->pynqebnnrealcodes/ebnn.h:150->pynqebnnrealcodes/ebnn_mnist.c:19->pynqebnnrealcodes/ebnn_mnist.c:32]   --->   Core 14 'AddSub' <Latency = 0> <II = 1> <Delay = 1.97> <FuncUnit> <Opcode : 'add' 'sub'> <InPorts = 2> <OutPorts = 1>
ST_7 : Operation 125 [1/1] (0.00ns)   --->   "%sum3_i_cast = zext i9 %sum3_i to i64" [pynqebnnrealcodes/ebnn.h:251->pynqebnnrealcodes/ebnn.h:150->pynqebnnrealcodes/ebnn_mnist.c:19->pynqebnnrealcodes/ebnn_mnist.c:32]
ST_7 : Operation 126 [1/1] (0.00ns)   --->   "%l_b_linear_bn_softma = getelementptr [450 x i8]* @l_b_linear_bn_softma_6, i64 0, i64 %sum3_i_cast" [pynqebnnrealcodes/ebnn.h:251->pynqebnnrealcodes/ebnn.h:150->pynqebnnrealcodes/ebnn_mnist.c:19->pynqebnnrealcodes/ebnn_mnist.c:32]
ST_7 : Operation 127 [2/2] (3.25ns)   --->   "%l_b_linear_bn_softma_7 = load i8* %l_b_linear_bn_softma, align 1" [pynqebnnrealcodes/ebnn.h:251->pynqebnnrealcodes/ebnn.h:150->pynqebnnrealcodes/ebnn_mnist.c:19->pynqebnnrealcodes/ebnn_mnist.c:32]   --->   Core 48 'ROM_nP' <Latency = 1> <II = 1> <Delay = 3.25> <Storage> <Opcode : 'load'> <Ports = 0> <Width = 32> <Depth = 10> <ROM>
ST_7 : Operation 128 [1/1] (0.00ns)   --->   "%tmp_38_i = call i11 @_ssdm_op_BitConcatenate.i11.i10.i1(i10 %res_i, i1 false)" [pynqebnnrealcodes/ebnn.h:253->pynqebnnrealcodes/ebnn.h:150->pynqebnnrealcodes/ebnn_mnist.c:19->pynqebnnrealcodes/ebnn_mnist.c:32]
ST_7 : Operation 129 [1/1] (1.97ns)   --->   "%res_3 = add i11 -360, %tmp_38_i" [pynqebnnrealcodes/ebnn.h:253->pynqebnnrealcodes/ebnn.h:150->pynqebnnrealcodes/ebnn_mnist.c:19->pynqebnnrealcodes/ebnn_mnist.c:32]   --->   Core 14 'AddSub' <Latency = 0> <II = 1> <Delay = 1.97> <FuncUnit> <Opcode : 'add' 'sub'> <InPorts = 2> <OutPorts = 1>
ST_7 : Operation 130 [1/1] (0.00ns)   --->   "%res_i_i3 = sext i11 %res_3 to i32" [pynqebnnrealcodes/ebnn.h:150->pynqebnnrealcodes/ebnn_mnist.c:19->pynqebnnrealcodes/ebnn_mnist.c:32]
ST_7 : Operation 131 [6/6] (6.41ns)   --->   "%res_i_i = sitofp i32 %res_i_i3 to float" [pynqebnnrealcodes/ebnn.h:150->pynqebnnrealcodes/ebnn_mnist.c:19->pynqebnnrealcodes/ebnn_mnist.c:32]   --->   Core 106 'Int2Float' <Latency = 5> <II = 1> <Delay = 6.41> <FuncUnit> <Opcode : 'sitofp' 'uitofp'> <InPorts = 1> <OutPorts = 1>

 <State 8> : 8.09ns
ST_8 : Operation 132 [1/2] (2.30ns)   --->   "%temp1_load = load i8* %temp1_addr_1, align 1" [pynqebnnrealcodes/ebnn.h:251->pynqebnnrealcodes/ebnn.h:150->pynqebnnrealcodes/ebnn_mnist.c:19->pynqebnnrealcodes/ebnn_mnist.c:32]   --->   Core 37 'RAM' <Latency = 1> <II = 1> <Delay = 2.30> <Storage> <Opcode : 'load' 'store'> <Ports = 2> <Width = 8> <Depth = 104> <RAM>
ST_8 : Operation 133 [1/2] (3.25ns)   --->   "%l_b_linear_bn_softma_7 = load i8* %l_b_linear_bn_softma, align 1" [pynqebnnrealcodes/ebnn.h:251->pynqebnnrealcodes/ebnn.h:150->pynqebnnrealcodes/ebnn_mnist.c:19->pynqebnnrealcodes/ebnn_mnist.c:32]   --->   Core 48 'ROM_nP' <Latency = 1> <II = 1> <Delay = 3.25> <Storage> <Opcode : 'load'> <Ports = 0> <Width = 32> <Depth = 10> <ROM>
ST_8 : Operation 134 [1/1] (0.00ns) (grouped into LUT with out node v_assign)   --->   "%tmp = xor i8 %l_b_linear_bn_softma_7, -1" [pynqebnnrealcodes/ebnn.h:251->pynqebnnrealcodes/ebnn.h:150->pynqebnnrealcodes/ebnn_mnist.c:19->pynqebnnrealcodes/ebnn_mnist.c:32]   --->   Core 27 'LogicGate' <Latency = 0> <II = 1> <Delay = 0.93> <FuncUnit> <Opcode : 'and' 'or' 'xor'> <InPorts = 2> <OutPorts = 1>
ST_8 : Operation 135 [1/1] (1.09ns) (out node of the LUT)   --->   "%v_assign = xor i8 %temp1_load, %tmp" [pynqebnnrealcodes/ebnn.h:251->pynqebnnrealcodes/ebnn.h:150->pynqebnnrealcodes/ebnn_mnist.c:19->pynqebnnrealcodes/ebnn_mnist.c:32]   --->   Core 27 'LogicGate' <Latency = 0> <II = 1> <Delay = 0.93> <FuncUnit> <Opcode : 'and' 'or' 'xor'> <InPorts = 2> <OutPorts = 1>
ST_8 : Operation 136 [1/1] (0.00ns)   --->   "%tmp_38 = call i1 @_ssdm_op_BitSelect.i1.i8.i32(i8 %v_assign, i32 7)" [pynqebnnrealcodes/ebnn.h:251->pynqebnnrealcodes/ebnn.h:150->pynqebnnrealcodes/ebnn_mnist.c:19->pynqebnnrealcodes/ebnn_mnist.c:32]
ST_8 : Operation 137 [1/1] (0.00ns)   --->   "%tmp_42 = call i1 @_ssdm_op_BitSelect.i1.i8.i32(i8 %v_assign, i32 5)" [pynqebnnrealcodes/ebnn.h:251->pynqebnnrealcodes/ebnn.h:150->pynqebnnrealcodes/ebnn_mnist.c:19->pynqebnnrealcodes/ebnn_mnist.c:32]
ST_8 : Operation 138 [1/1] (0.00ns)   --->   "%tmp_44 = call i1 @_ssdm_op_BitSelect.i1.i8.i32(i8 %v_assign, i32 3)" [pynqebnnrealcodes/ebnn.h:251->pynqebnnrealcodes/ebnn.h:150->pynqebnnrealcodes/ebnn_mnist.c:19->pynqebnnrealcodes/ebnn_mnist.c:32]
ST_8 : Operation 139 [1/1] (0.00ns)   --->   "%tmp_45 = call i1 @_ssdm_op_BitSelect.i1.i8.i32(i8 %v_assign, i32 1)" [pynqebnnrealcodes/ebnn.h:251->pynqebnnrealcodes/ebnn.h:150->pynqebnnrealcodes/ebnn_mnist.c:19->pynqebnnrealcodes/ebnn_mnist.c:32]
ST_8 : Operation 140 [1/1] (0.00ns)   --->   "%tmp_3_i_i = call i7 @_ssdm_op_BitConcatenate.i7.i1.i1.i1.i1.i1.i1.i1(i1 %tmp_38, i1 false, i1 %tmp_42, i1 false, i1 %tmp_44, i1 false, i1 %tmp_45)" [pynqebnnrealcodes/ebnn.h:476->pynqebnnrealcodes/ebnn.h:251->pynqebnnrealcodes/ebnn.h:150->pynqebnnrealcodes/ebnn_mnist.c:19->pynqebnnrealcodes/ebnn_mnist.c:32]
ST_8 : Operation 141 [1/1] (0.00ns)   --->   "%tmp_3_i_i_cast = zext i7 %tmp_3_i_i to i8" [pynqebnnrealcodes/ebnn.h:476->pynqebnnrealcodes/ebnn.h:251->pynqebnnrealcodes/ebnn.h:150->pynqebnnrealcodes/ebnn_mnist.c:19->pynqebnnrealcodes/ebnn_mnist.c:32]
ST_8 : Operation 142 [1/1] (1.91ns)   --->   "%c = sub i8 %v_assign, %tmp_3_i_i_cast" [pynqebnnrealcodes/ebnn.h:476->pynqebnnrealcodes/ebnn.h:251->pynqebnnrealcodes/ebnn.h:150->pynqebnnrealcodes/ebnn_mnist.c:19->pynqebnnrealcodes/ebnn_mnist.c:32]   --->   Core 14 'AddSub' <Latency = 0> <II = 1> <Delay = 1.97> <FuncUnit> <Opcode : 'add' 'sub'> <InPorts = 2> <OutPorts = 1>
ST_8 : Operation 143 [1/1] (0.00ns)   --->   "%tmp_29 = call i2 @_ssdm_op_PartSelect.i2.i8.i32.i32(i8 %c, i32 6, i32 7)" [pynqebnnrealcodes/ebnn.h:476->pynqebnnrealcodes/ebnn.h:251->pynqebnnrealcodes/ebnn.h:150->pynqebnnrealcodes/ebnn_mnist.c:19->pynqebnnrealcodes/ebnn_mnist.c:32]
ST_8 : Operation 144 [1/1] (0.00ns)   --->   "%tmp_30 = call i2 @_ssdm_op_PartSelect.i2.i8.i32.i32(i8 %c, i32 2, i32 3)" [pynqebnnrealcodes/ebnn.h:476->pynqebnnrealcodes/ebnn.h:251->pynqebnnrealcodes/ebnn.h:150->pynqebnnrealcodes/ebnn_mnist.c:19->pynqebnnrealcodes/ebnn_mnist.c:32]
ST_8 : Operation 145 [1/1] (0.00ns)   --->   "%tmp_6_i_i = call i6 @_ssdm_op_BitConcatenate.i6.i2.i2.i2(i2 %tmp_29, i2 0, i2 %tmp_30)" [pynqebnnrealcodes/ebnn.h:477->pynqebnnrealcodes/ebnn.h:251->pynqebnnrealcodes/ebnn.h:150->pynqebnnrealcodes/ebnn_mnist.c:19->pynqebnnrealcodes/ebnn_mnist.c:32]
ST_8 : Operation 146 [1/1] (0.00ns)   --->   "%tmp_6_i_i_cast = zext i6 %tmp_6_i_i to i7" [pynqebnnrealcodes/ebnn.h:477->pynqebnnrealcodes/ebnn.h:251->pynqebnnrealcodes/ebnn.h:150->pynqebnnrealcodes/ebnn_mnist.c:19->pynqebnnrealcodes/ebnn_mnist.c:32]
ST_8 : Operation 147 [1/1] (0.00ns)   --->   "%tmp_31 = call i2 @_ssdm_op_PartSelect.i2.i8.i32.i32(i8 %c, i32 4, i32 5)" [pynqebnnrealcodes/ebnn.h:476->pynqebnnrealcodes/ebnn.h:251->pynqebnnrealcodes/ebnn.h:150->pynqebnnrealcodes/ebnn_mnist.c:19->pynqebnnrealcodes/ebnn_mnist.c:32]
ST_8 : Operation 148 [1/1] (0.00ns)   --->   "%tmp_46 = trunc i8 %c to i2" [pynqebnnrealcodes/ebnn.h:476->pynqebnnrealcodes/ebnn.h:251->pynqebnnrealcodes/ebnn.h:150->pynqebnnrealcodes/ebnn_mnist.c:19->pynqebnnrealcodes/ebnn_mnist.c:32]
ST_8 : Operation 149 [1/1] (0.00ns)   --->   "%tmp_7_i_i = call i6 @_ssdm_op_BitConcatenate.i6.i2.i2.i2(i2 %tmp_31, i2 0, i2 %tmp_46)" [pynqebnnrealcodes/ebnn.h:477->pynqebnnrealcodes/ebnn.h:251->pynqebnnrealcodes/ebnn.h:150->pynqebnnrealcodes/ebnn_mnist.c:19->pynqebnnrealcodes/ebnn_mnist.c:32]
ST_8 : Operation 150 [1/1] (0.00ns)   --->   "%tmp_7_i_i_cast = zext i6 %tmp_7_i_i to i7" [pynqebnnrealcodes/ebnn.h:477->pynqebnnrealcodes/ebnn.h:251->pynqebnnrealcodes/ebnn.h:150->pynqebnnrealcodes/ebnn_mnist.c:19->pynqebnnrealcodes/ebnn_mnist.c:32]
ST_8 : Operation 151 [1/1] (1.82ns)   --->   "%c_1 = add i7 %tmp_6_i_i_cast, %tmp_7_i_i_cast" [pynqebnnrealcodes/ebnn.h:477->pynqebnnrealcodes/ebnn.h:251->pynqebnnrealcodes/ebnn.h:150->pynqebnnrealcodes/ebnn_mnist.c:19->pynqebnnrealcodes/ebnn_mnist.c:32]   --->   Core 14 'AddSub' <Latency = 0> <II = 1> <Delay = 1.97> <FuncUnit> <Opcode : 'add' 'sub'> <InPorts = 2> <OutPorts = 1>
ST_8 : Operation 152 [1/1] (0.00ns)   --->   "%tmp_32 = call i3 @_ssdm_op_PartSelect.i3.i7.i32.i32(i7 %c_1, i32 4, i32 6)" [pynqebnnrealcodes/ebnn.h:478->pynqebnnrealcodes/ebnn.h:251->pynqebnnrealcodes/ebnn.h:150->pynqebnnrealcodes/ebnn_mnist.c:19->pynqebnnrealcodes/ebnn_mnist.c:32]

 <State 9> : 5.27ns
ST_9 : Operation 153 [1/1] (0.00ns)   --->   "%tmp_27 = call i4 @_ssdm_op_BitConcatenate.i4.i2.i2(i2 0, i2 %tmp_46)" [pynqebnnrealcodes/ebnn.h:476->pynqebnnrealcodes/ebnn.h:251->pynqebnnrealcodes/ebnn.h:150->pynqebnnrealcodes/ebnn_mnist.c:19->pynqebnnrealcodes/ebnn_mnist.c:32]
ST_9 : Operation 154 [1/1] (0.00ns)   --->   "%tmp_28 = call i4 @_ssdm_op_BitConcatenate.i4.i2.i2(i2 0, i2 %tmp_30)" [pynqebnnrealcodes/ebnn.h:476->pynqebnnrealcodes/ebnn.h:251->pynqebnnrealcodes/ebnn.h:150->pynqebnnrealcodes/ebnn_mnist.c:19->pynqebnnrealcodes/ebnn_mnist.c:32]
ST_9 : Operation 155 [1/1] (0.00ns) (grouped into TernaryAdder)   --->   "%tmp_9_i_i_cast3 = add i4 %tmp_27, %tmp_28" [pynqebnnrealcodes/ebnn.h:478->pynqebnnrealcodes/ebnn.h:251->pynqebnnrealcodes/ebnn.h:150->pynqebnnrealcodes/ebnn_mnist.c:19->pynqebnnrealcodes/ebnn_mnist.c:32]   --->   Core 80 'TAddSub' <Latency = 0> <II = 1> <Delay = 1.65> <IPBlock> <Opcode : 'add' 'sub'> <InPorts = 3> <OutPorts = 1> <Sync> <CReg>
ST_9 : Operation 156 [1/1] (0.00ns)   --->   "%tmp_i_i_cast = zext i3 %tmp_32 to i4" [pynqebnnrealcodes/ebnn.h:478->pynqebnnrealcodes/ebnn.h:251->pynqebnnrealcodes/ebnn.h:150->pynqebnnrealcodes/ebnn_mnist.c:19->pynqebnnrealcodes/ebnn_mnist.c:32]
ST_9 : Operation 157 [1/1] (3.31ns) (root node of TernaryAdder)   --->   "%tmp_1_i_i = add i4 %tmp_i_i_cast, %tmp_9_i_i_cast3" [pynqebnnrealcodes/ebnn.h:478->pynqebnnrealcodes/ebnn.h:251->pynqebnnrealcodes/ebnn.h:150->pynqebnnrealcodes/ebnn_mnist.c:19->pynqebnnrealcodes/ebnn_mnist.c:32]   --->   Core 80 'TAddSub' <Latency = 0> <II = 1> <Delay = 1.65> <IPBlock> <Opcode : 'add' 'sub'> <InPorts = 3> <OutPorts = 1> <Sync> <CReg>
ST_9 : Operation 158 [1/1] (0.00ns)   --->   "%tmp_2_i_i_cast = zext i4 %tmp_1_i_i to i10" [pynqebnnrealcodes/ebnn.h:478->pynqebnnrealcodes/ebnn.h:251->pynqebnnrealcodes/ebnn.h:150->pynqebnnrealcodes/ebnn_mnist.c:19->pynqebnnrealcodes/ebnn_mnist.c:32]
ST_9 : Operation 159 [1/1] (1.95ns)   --->   "%res = add i10 %tmp_2_i_i_cast, %res_i" [pynqebnnrealcodes/ebnn.h:251->pynqebnnrealcodes/ebnn.h:150->pynqebnnrealcodes/ebnn_mnist.c:19->pynqebnnrealcodes/ebnn_mnist.c:32]   --->   Core 14 'AddSub' <Latency = 0> <II = 1> <Delay = 1.97> <FuncUnit> <Opcode : 'add' 'sub'> <InPorts = 2> <OutPorts = 1>
ST_9 : Operation 160 [1/1] (0.00ns)   --->   "br label %.preheader" [pynqebnnrealcodes/ebnn.h:250->pynqebnnrealcodes/ebnn.h:150->pynqebnnrealcodes/ebnn_mnist.c:19->pynqebnnrealcodes/ebnn_mnist.c:32]

 <State 10> : 6.41ns
ST_10 : Operation 161 [5/6] (6.41ns)   --->   "%res_i_i = sitofp i32 %res_i_i3 to float" [pynqebnnrealcodes/ebnn.h:150->pynqebnnrealcodes/ebnn_mnist.c:19->pynqebnnrealcodes/ebnn_mnist.c:32]   --->   Core 106 'Int2Float' <Latency = 5> <II = 1> <Delay = 6.41> <FuncUnit> <Opcode : 'sitofp' 'uitofp'> <InPorts = 1> <OutPorts = 1>

 <State 11> : 6.41ns
ST_11 : Operation 162 [4/6] (6.41ns)   --->   "%res_i_i = sitofp i32 %res_i_i3 to float" [pynqebnnrealcodes/ebnn.h:150->pynqebnnrealcodes/ebnn_mnist.c:19->pynqebnnrealcodes/ebnn_mnist.c:32]   --->   Core 106 'Int2Float' <Latency = 5> <II = 1> <Delay = 6.41> <FuncUnit> <Opcode : 'sitofp' 'uitofp'> <InPorts = 1> <OutPorts = 1>

 <State 12> : 6.41ns
ST_12 : Operation 163 [3/6] (6.41ns)   --->   "%res_i_i = sitofp i32 %res_i_i3 to float" [pynqebnnrealcodes/ebnn.h:150->pynqebnnrealcodes/ebnn_mnist.c:19->pynqebnnrealcodes/ebnn_mnist.c:32]   --->   Core 106 'Int2Float' <Latency = 5> <II = 1> <Delay = 6.41> <FuncUnit> <Opcode : 'sitofp' 'uitofp'> <InPorts = 1> <OutPorts = 1>

 <State 13> : 6.41ns
ST_13 : Operation 164 [2/6] (6.41ns)   --->   "%res_i_i = sitofp i32 %res_i_i3 to float" [pynqebnnrealcodes/ebnn.h:150->pynqebnnrealcodes/ebnn_mnist.c:19->pynqebnnrealcodes/ebnn_mnist.c:32]   --->   Core 106 'Int2Float' <Latency = 5> <II = 1> <Delay = 6.41> <FuncUnit> <Opcode : 'sitofp' 'uitofp'> <InPorts = 1> <OutPorts = 1>
ST_13 : Operation 165 [1/1] (0.00ns)   --->   "%tmp_77_i_i = zext i4 %max_idx_i_i to i64" [pynqebnnrealcodes/ebnn.h:151->pynqebnnrealcodes/ebnn_mnist.c:19->pynqebnnrealcodes/ebnn_mnist.c:32]
ST_13 : Operation 166 [1/1] (0.00ns)   --->   "%l_b_linear_bn_softma_8 = getelementptr inbounds [10 x float]* @l_b_linear_bn_softma_1, i64 0, i64 %tmp_77_i_i" [pynqebnnrealcodes/ebnn.h:151->pynqebnnrealcodes/ebnn_mnist.c:19->pynqebnnrealcodes/ebnn_mnist.c:32]
ST_13 : Operation 167 [2/2] (3.25ns)   --->   "%l_b_linear_bn_softma_9 = load float* %l_b_linear_bn_softma_8, align 4" [pynqebnnrealcodes/ebnn.h:151->pynqebnnrealcodes/ebnn_mnist.c:19->pynqebnnrealcodes/ebnn_mnist.c:32]   --->   Core 48 'ROM_nP' <Latency = 1> <II = 1> <Delay = 3.25> <Storage> <Opcode : 'load'> <Ports = 0> <Width = 32> <Depth = 10> <ROM>

 <State 14> : 6.41ns
ST_14 : Operation 168 [1/6] (6.41ns)   --->   "%res_i_i = sitofp i32 %res_i_i3 to float" [pynqebnnrealcodes/ebnn.h:150->pynqebnnrealcodes/ebnn_mnist.c:19->pynqebnnrealcodes/ebnn_mnist.c:32]   --->   Core 106 'Int2Float' <Latency = 5> <II = 1> <Delay = 6.41> <FuncUnit> <Opcode : 'sitofp' 'uitofp'> <InPorts = 1> <OutPorts = 1>
ST_14 : Operation 169 [1/2] (3.25ns)   --->   "%l_b_linear_bn_softma_9 = load float* %l_b_linear_bn_softma_8, align 4" [pynqebnnrealcodes/ebnn.h:151->pynqebnnrealcodes/ebnn_mnist.c:19->pynqebnnrealcodes/ebnn_mnist.c:32]   --->   Core 48 'ROM_nP' <Latency = 1> <II = 1> <Delay = 3.25> <Storage> <Opcode : 'load'> <Ports = 0> <Width = 32> <Depth = 10> <ROM>

 <State 15> : 7.26ns
ST_15 : Operation 170 [5/5] (7.25ns)   --->   "%f_assign = fadd float %res_i_i, %l_b_linear_bn_softma_9" [pynqebnnrealcodes/ebnn.h:151->pynqebnnrealcodes/ebnn_mnist.c:19->pynqebnnrealcodes/ebnn_mnist.c:32]   --->   Core 99 'FAddSub' <Latency = 4> <II = 1> <Delay = 7.25> <FuncUnit> <Opcode : 'fadd' 'fsub'> <InPorts = 2> <OutPorts = 1>

 <State 16> : 7.26ns
ST_16 : Operation 171 [4/5] (7.25ns)   --->   "%f_assign = fadd float %res_i_i, %l_b_linear_bn_softma_9" [pynqebnnrealcodes/ebnn.h:151->pynqebnnrealcodes/ebnn_mnist.c:19->pynqebnnrealcodes/ebnn_mnist.c:32]   --->   Core 99 'FAddSub' <Latency = 4> <II = 1> <Delay = 7.25> <FuncUnit> <Opcode : 'fadd' 'fsub'> <InPorts = 2> <OutPorts = 1>

 <State 17> : 7.26ns
ST_17 : Operation 172 [3/5] (7.25ns)   --->   "%f_assign = fadd float %res_i_i, %l_b_linear_bn_softma_9" [pynqebnnrealcodes/ebnn.h:151->pynqebnnrealcodes/ebnn_mnist.c:19->pynqebnnrealcodes/ebnn_mnist.c:32]   --->   Core 99 'FAddSub' <Latency = 4> <II = 1> <Delay = 7.25> <FuncUnit> <Opcode : 'fadd' 'fsub'> <InPorts = 2> <OutPorts = 1>

 <State 18> : 7.26ns
ST_18 : Operation 173 [2/5] (7.25ns)   --->   "%f_assign = fadd float %res_i_i, %l_b_linear_bn_softma_9" [pynqebnnrealcodes/ebnn.h:151->pynqebnnrealcodes/ebnn_mnist.c:19->pynqebnnrealcodes/ebnn_mnist.c:32]   --->   Core 99 'FAddSub' <Latency = 4> <II = 1> <Delay = 7.25> <FuncUnit> <Opcode : 'fadd' 'fsub'> <InPorts = 2> <OutPorts = 1>
ST_18 : Operation 174 [1/1] (0.00ns)   --->   "%l_b_linear_bn_softma_14 = getelementptr inbounds [10 x float]* @l_b_linear_bn_softma_5, i64 0, i64 %tmp_77_i_i" [pynqebnnrealcodes/ebnn.h:152->pynqebnnrealcodes/ebnn_mnist.c:19->pynqebnnrealcodes/ebnn_mnist.c:32]
ST_18 : Operation 175 [2/2] (3.25ns)   --->   "%l_b_linear_bn_softma_15 = load float* %l_b_linear_bn_softma_14, align 4" [pynqebnnrealcodes/ebnn.h:152->pynqebnnrealcodes/ebnn_mnist.c:19->pynqebnnrealcodes/ebnn_mnist.c:32]   --->   Core 48 'ROM_nP' <Latency = 1> <II = 1> <Delay = 3.25> <Storage> <Opcode : 'load'> <Ports = 0> <Width = 32> <Depth = 10> <ROM>

 <State 19> : 7.26ns
ST_19 : Operation 176 [1/5] (7.25ns)   --->   "%f_assign = fadd float %res_i_i, %l_b_linear_bn_softma_9" [pynqebnnrealcodes/ebnn.h:151->pynqebnnrealcodes/ebnn_mnist.c:19->pynqebnnrealcodes/ebnn_mnist.c:32]   --->   Core 99 'FAddSub' <Latency = 4> <II = 1> <Delay = 7.25> <FuncUnit> <Opcode : 'fadd' 'fsub'> <InPorts = 2> <OutPorts = 1>
ST_19 : Operation 177 [1/2] (3.25ns)   --->   "%l_b_linear_bn_softma_15 = load float* %l_b_linear_bn_softma_14, align 4" [pynqebnnrealcodes/ebnn.h:152->pynqebnnrealcodes/ebnn_mnist.c:19->pynqebnnrealcodes/ebnn_mnist.c:32]   --->   Core 48 'ROM_nP' <Latency = 1> <II = 1> <Delay = 3.25> <Storage> <Opcode : 'load'> <Ports = 0> <Width = 32> <Depth = 10> <ROM>

 <State 20> : 7.26ns
ST_20 : Operation 178 [5/5] (7.25ns)   --->   "%f_assign_5 = fsub float %f_assign, %l_b_linear_bn_softma_15" [pynqebnnrealcodes/ebnn.h:237->pynqebnnrealcodes/ebnn.h:152->pynqebnnrealcodes/ebnn_mnist.c:19->pynqebnnrealcodes/ebnn_mnist.c:32]   --->   Core 99 'FAddSub' <Latency = 4> <II = 1> <Delay = 7.25> <FuncUnit> <Opcode : 'fadd' 'fsub'> <InPorts = 2> <OutPorts = 1>

 <State 21> : 7.26ns
ST_21 : Operation 179 [4/5] (7.25ns)   --->   "%f_assign_5 = fsub float %f_assign, %l_b_linear_bn_softma_15" [pynqebnnrealcodes/ebnn.h:237->pynqebnnrealcodes/ebnn.h:152->pynqebnnrealcodes/ebnn_mnist.c:19->pynqebnnrealcodes/ebnn_mnist.c:32]   --->   Core 99 'FAddSub' <Latency = 4> <II = 1> <Delay = 7.25> <FuncUnit> <Opcode : 'fadd' 'fsub'> <InPorts = 2> <OutPorts = 1>

 <State 22> : 7.26ns
ST_22 : Operation 180 [3/5] (7.25ns)   --->   "%f_assign_5 = fsub float %f_assign, %l_b_linear_bn_softma_15" [pynqebnnrealcodes/ebnn.h:237->pynqebnnrealcodes/ebnn.h:152->pynqebnnrealcodes/ebnn_mnist.c:19->pynqebnnrealcodes/ebnn_mnist.c:32]   --->   Core 99 'FAddSub' <Latency = 4> <II = 1> <Delay = 7.25> <FuncUnit> <Opcode : 'fadd' 'fsub'> <InPorts = 2> <OutPorts = 1>

 <State 23> : 7.26ns
ST_23 : Operation 181 [1/1] (0.00ns)   --->   "%l_b_linear_bn_softma_16 = getelementptr inbounds [10 x float]* @l_b_linear_bn_softma, i64 0, i64 %tmp_77_i_i" [pynqebnnrealcodes/ebnn.h:152->pynqebnnrealcodes/ebnn_mnist.c:19->pynqebnnrealcodes/ebnn_mnist.c:32]
ST_23 : Operation 182 [2/2] (3.25ns)   --->   "%l_b_linear_bn_softma_17 = load float* %l_b_linear_bn_softma_16, align 4" [pynqebnnrealcodes/ebnn.h:152->pynqebnnrealcodes/ebnn_mnist.c:19->pynqebnnrealcodes/ebnn_mnist.c:32]   --->   Core 48 'ROM_nP' <Latency = 1> <II = 1> <Delay = 3.25> <Storage> <Opcode : 'load'> <Ports = 0> <Width = 32> <Depth = 10> <ROM>
ST_23 : Operation 183 [2/5] (7.25ns)   --->   "%f_assign_5 = fsub float %f_assign, %l_b_linear_bn_softma_15" [pynqebnnrealcodes/ebnn.h:237->pynqebnnrealcodes/ebnn.h:152->pynqebnnrealcodes/ebnn_mnist.c:19->pynqebnnrealcodes/ebnn_mnist.c:32]   --->   Core 99 'FAddSub' <Latency = 4> <II = 1> <Delay = 7.25> <FuncUnit> <Opcode : 'fadd' 'fsub'> <InPorts = 2> <OutPorts = 1>

 <State 24> : 7.26ns
ST_24 : Operation 184 [1/2] (3.25ns)   --->   "%l_b_linear_bn_softma_17 = load float* %l_b_linear_bn_softma_16, align 4" [pynqebnnrealcodes/ebnn.h:152->pynqebnnrealcodes/ebnn_mnist.c:19->pynqebnnrealcodes/ebnn_mnist.c:32]   --->   Core 48 'ROM_nP' <Latency = 1> <II = 1> <Delay = 3.25> <Storage> <Opcode : 'load'> <Ports = 0> <Width = 32> <Depth = 10> <ROM>
ST_24 : Operation 185 [1/5] (7.25ns)   --->   "%f_assign_5 = fsub float %f_assign, %l_b_linear_bn_softma_15" [pynqebnnrealcodes/ebnn.h:237->pynqebnnrealcodes/ebnn.h:152->pynqebnnrealcodes/ebnn_mnist.c:19->pynqebnnrealcodes/ebnn_mnist.c:32]   --->   Core 99 'FAddSub' <Latency = 4> <II = 1> <Delay = 7.25> <FuncUnit> <Opcode : 'fadd' 'fsub'> <InPorts = 2> <OutPorts = 1>

 <State 25> : 6.08ns
ST_25 : Operation 186 [16/16] (6.07ns)   --->   "%f_assign_6 = fdiv float %f_assign_5, %l_b_linear_bn_softma_17" [pynqebnnrealcodes/ebnn.h:238->pynqebnnrealcodes/ebnn.h:152->pynqebnnrealcodes/ebnn_mnist.c:19->pynqebnnrealcodes/ebnn_mnist.c:32]   --->   Core 101 'FDiv' <Latency = 15> <II = 1> <Delay = 6.07> <FuncUnit> <Opcode : 'fdiv' 'frem'> <InPorts = 2> <OutPorts = 1>

 <State 26> : 6.08ns
ST_26 : Operation 187 [15/16] (6.07ns)   --->   "%f_assign_6 = fdiv float %f_assign_5, %l_b_linear_bn_softma_17" [pynqebnnrealcodes/ebnn.h:238->pynqebnnrealcodes/ebnn.h:152->pynqebnnrealcodes/ebnn_mnist.c:19->pynqebnnrealcodes/ebnn_mnist.c:32]   --->   Core 101 'FDiv' <Latency = 15> <II = 1> <Delay = 6.07> <FuncUnit> <Opcode : 'fdiv' 'frem'> <InPorts = 2> <OutPorts = 1>

 <State 27> : 6.08ns
ST_27 : Operation 188 [14/16] (6.07ns)   --->   "%f_assign_6 = fdiv float %f_assign_5, %l_b_linear_bn_softma_17" [pynqebnnrealcodes/ebnn.h:238->pynqebnnrealcodes/ebnn.h:152->pynqebnnrealcodes/ebnn_mnist.c:19->pynqebnnrealcodes/ebnn_mnist.c:32]   --->   Core 101 'FDiv' <Latency = 15> <II = 1> <Delay = 6.07> <FuncUnit> <Opcode : 'fdiv' 'frem'> <InPorts = 2> <OutPorts = 1>

 <State 28> : 6.08ns
ST_28 : Operation 189 [13/16] (6.07ns)   --->   "%f_assign_6 = fdiv float %f_assign_5, %l_b_linear_bn_softma_17" [pynqebnnrealcodes/ebnn.h:238->pynqebnnrealcodes/ebnn.h:152->pynqebnnrealcodes/ebnn_mnist.c:19->pynqebnnrealcodes/ebnn_mnist.c:32]   --->   Core 101 'FDiv' <Latency = 15> <II = 1> <Delay = 6.07> <FuncUnit> <Opcode : 'fdiv' 'frem'> <InPorts = 2> <OutPorts = 1>

 <State 29> : 6.08ns
ST_29 : Operation 190 [12/16] (6.07ns)   --->   "%f_assign_6 = fdiv float %f_assign_5, %l_b_linear_bn_softma_17" [pynqebnnrealcodes/ebnn.h:238->pynqebnnrealcodes/ebnn.h:152->pynqebnnrealcodes/ebnn_mnist.c:19->pynqebnnrealcodes/ebnn_mnist.c:32]   --->   Core 101 'FDiv' <Latency = 15> <II = 1> <Delay = 6.07> <FuncUnit> <Opcode : 'fdiv' 'frem'> <InPorts = 2> <OutPorts = 1>

 <State 30> : 6.08ns
ST_30 : Operation 191 [11/16] (6.07ns)   --->   "%f_assign_6 = fdiv float %f_assign_5, %l_b_linear_bn_softma_17" [pynqebnnrealcodes/ebnn.h:238->pynqebnnrealcodes/ebnn.h:152->pynqebnnrealcodes/ebnn_mnist.c:19->pynqebnnrealcodes/ebnn_mnist.c:32]   --->   Core 101 'FDiv' <Latency = 15> <II = 1> <Delay = 6.07> <FuncUnit> <Opcode : 'fdiv' 'frem'> <InPorts = 2> <OutPorts = 1>

 <State 31> : 6.08ns
ST_31 : Operation 192 [10/16] (6.07ns)   --->   "%f_assign_6 = fdiv float %f_assign_5, %l_b_linear_bn_softma_17" [pynqebnnrealcodes/ebnn.h:238->pynqebnnrealcodes/ebnn.h:152->pynqebnnrealcodes/ebnn_mnist.c:19->pynqebnnrealcodes/ebnn_mnist.c:32]   --->   Core 101 'FDiv' <Latency = 15> <II = 1> <Delay = 6.07> <FuncUnit> <Opcode : 'fdiv' 'frem'> <InPorts = 2> <OutPorts = 1>

 <State 32> : 6.08ns
ST_32 : Operation 193 [9/16] (6.07ns)   --->   "%f_assign_6 = fdiv float %f_assign_5, %l_b_linear_bn_softma_17" [pynqebnnrealcodes/ebnn.h:238->pynqebnnrealcodes/ebnn.h:152->pynqebnnrealcodes/ebnn_mnist.c:19->pynqebnnrealcodes/ebnn_mnist.c:32]   --->   Core 101 'FDiv' <Latency = 15> <II = 1> <Delay = 6.07> <FuncUnit> <Opcode : 'fdiv' 'frem'> <InPorts = 2> <OutPorts = 1>

 <State 33> : 6.08ns
ST_33 : Operation 194 [8/16] (6.07ns)   --->   "%f_assign_6 = fdiv float %f_assign_5, %l_b_linear_bn_softma_17" [pynqebnnrealcodes/ebnn.h:238->pynqebnnrealcodes/ebnn.h:152->pynqebnnrealcodes/ebnn_mnist.c:19->pynqebnnrealcodes/ebnn_mnist.c:32]   --->   Core 101 'FDiv' <Latency = 15> <II = 1> <Delay = 6.07> <FuncUnit> <Opcode : 'fdiv' 'frem'> <InPorts = 2> <OutPorts = 1>

 <State 34> : 6.08ns
ST_34 : Operation 195 [7/16] (6.07ns)   --->   "%f_assign_6 = fdiv float %f_assign_5, %l_b_linear_bn_softma_17" [pynqebnnrealcodes/ebnn.h:238->pynqebnnrealcodes/ebnn.h:152->pynqebnnrealcodes/ebnn_mnist.c:19->pynqebnnrealcodes/ebnn_mnist.c:32]   --->   Core 101 'FDiv' <Latency = 15> <II = 1> <Delay = 6.07> <FuncUnit> <Opcode : 'fdiv' 'frem'> <InPorts = 2> <OutPorts = 1>

 <State 35> : 6.08ns
ST_35 : Operation 196 [6/16] (6.07ns)   --->   "%f_assign_6 = fdiv float %f_assign_5, %l_b_linear_bn_softma_17" [pynqebnnrealcodes/ebnn.h:238->pynqebnnrealcodes/ebnn.h:152->pynqebnnrealcodes/ebnn_mnist.c:19->pynqebnnrealcodes/ebnn_mnist.c:32]   --->   Core 101 'FDiv' <Latency = 15> <II = 1> <Delay = 6.07> <FuncUnit> <Opcode : 'fdiv' 'frem'> <InPorts = 2> <OutPorts = 1>

 <State 36> : 6.08ns
ST_36 : Operation 197 [5/16] (6.07ns)   --->   "%f_assign_6 = fdiv float %f_assign_5, %l_b_linear_bn_softma_17" [pynqebnnrealcodes/ebnn.h:238->pynqebnnrealcodes/ebnn.h:152->pynqebnnrealcodes/ebnn_mnist.c:19->pynqebnnrealcodes/ebnn_mnist.c:32]   --->   Core 101 'FDiv' <Latency = 15> <II = 1> <Delay = 6.07> <FuncUnit> <Opcode : 'fdiv' 'frem'> <InPorts = 2> <OutPorts = 1>

 <State 37> : 6.08ns
ST_37 : Operation 198 [4/16] (6.07ns)   --->   "%f_assign_6 = fdiv float %f_assign_5, %l_b_linear_bn_softma_17" [pynqebnnrealcodes/ebnn.h:238->pynqebnnrealcodes/ebnn.h:152->pynqebnnrealcodes/ebnn_mnist.c:19->pynqebnnrealcodes/ebnn_mnist.c:32]   --->   Core 101 'FDiv' <Latency = 15> <II = 1> <Delay = 6.07> <FuncUnit> <Opcode : 'fdiv' 'frem'> <InPorts = 2> <OutPorts = 1>

 <State 38> : 6.08ns
ST_38 : Operation 199 [3/16] (6.07ns)   --->   "%f_assign_6 = fdiv float %f_assign_5, %l_b_linear_bn_softma_17" [pynqebnnrealcodes/ebnn.h:238->pynqebnnrealcodes/ebnn.h:152->pynqebnnrealcodes/ebnn_mnist.c:19->pynqebnnrealcodes/ebnn_mnist.c:32]   --->   Core 101 'FDiv' <Latency = 15> <II = 1> <Delay = 6.07> <FuncUnit> <Opcode : 'fdiv' 'frem'> <InPorts = 2> <OutPorts = 1>

 <State 39> : 6.08ns
ST_39 : Operation 200 [1/1] (0.00ns)   --->   "%l_b_linear_bn_softma_10 = getelementptr inbounds [10 x float]* @l_b_linear_bn_softma_4, i64 0, i64 %tmp_77_i_i" [pynqebnnrealcodes/ebnn.h:152->pynqebnnrealcodes/ebnn_mnist.c:19->pynqebnnrealcodes/ebnn_mnist.c:32]
ST_39 : Operation 201 [2/2] (3.25ns)   --->   "%l_b_linear_bn_softma_11 = load float* %l_b_linear_bn_softma_10, align 4" [pynqebnnrealcodes/ebnn.h:152->pynqebnnrealcodes/ebnn_mnist.c:19->pynqebnnrealcodes/ebnn_mnist.c:32]   --->   Core 48 'ROM_nP' <Latency = 1> <II = 1> <Delay = 3.25> <Storage> <Opcode : 'load'> <Ports = 0> <Width = 32> <Depth = 10> <ROM>
ST_39 : Operation 202 [1/1] (0.00ns)   --->   "%l_b_linear_bn_softma_12 = getelementptr inbounds [10 x float]* @l_b_linear_bn_softma_3, i64 0, i64 %tmp_77_i_i" [pynqebnnrealcodes/ebnn.h:152->pynqebnnrealcodes/ebnn_mnist.c:19->pynqebnnrealcodes/ebnn_mnist.c:32]
ST_39 : Operation 203 [2/2] (3.25ns)   --->   "%l_b_linear_bn_softma_13 = load float* %l_b_linear_bn_softma_12, align 4" [pynqebnnrealcodes/ebnn.h:152->pynqebnnrealcodes/ebnn_mnist.c:19->pynqebnnrealcodes/ebnn_mnist.c:32]   --->   Core 48 'ROM_nP' <Latency = 1> <II = 1> <Delay = 3.25> <Storage> <Opcode : 'load'> <Ports = 0> <Width = 32> <Depth = 10> <ROM>
ST_39 : Operation 204 [2/16] (6.07ns)   --->   "%f_assign_6 = fdiv float %f_assign_5, %l_b_linear_bn_softma_17" [pynqebnnrealcodes/ebnn.h:238->pynqebnnrealcodes/ebnn.h:152->pynqebnnrealcodes/ebnn_mnist.c:19->pynqebnnrealcodes/ebnn_mnist.c:32]   --->   Core 101 'FDiv' <Latency = 15> <II = 1> <Delay = 6.07> <FuncUnit> <Opcode : 'fdiv' 'frem'> <InPorts = 2> <OutPorts = 1>

 <State 40> : 6.08ns
ST_40 : Operation 205 [1/2] (3.25ns)   --->   "%l_b_linear_bn_softma_11 = load float* %l_b_linear_bn_softma_10, align 4" [pynqebnnrealcodes/ebnn.h:152->pynqebnnrealcodes/ebnn_mnist.c:19->pynqebnnrealcodes/ebnn_mnist.c:32]   --->   Core 48 'ROM_nP' <Latency = 1> <II = 1> <Delay = 3.25> <Storage> <Opcode : 'load'> <Ports = 0> <Width = 32> <Depth = 10> <ROM>
ST_40 : Operation 206 [1/2] (3.25ns)   --->   "%l_b_linear_bn_softma_13 = load float* %l_b_linear_bn_softma_12, align 4" [pynqebnnrealcodes/ebnn.h:152->pynqebnnrealcodes/ebnn_mnist.c:19->pynqebnnrealcodes/ebnn_mnist.c:32]   --->   Core 48 'ROM_nP' <Latency = 1> <II = 1> <Delay = 3.25> <Storage> <Opcode : 'load'> <Ports = 0> <Width = 32> <Depth = 10> <ROM>
ST_40 : Operation 207 [1/16] (6.07ns)   --->   "%f_assign_6 = fdiv float %f_assign_5, %l_b_linear_bn_softma_17" [pynqebnnrealcodes/ebnn.h:238->pynqebnnrealcodes/ebnn.h:152->pynqebnnrealcodes/ebnn_mnist.c:19->pynqebnnrealcodes/ebnn_mnist.c:32]   --->   Core 101 'FDiv' <Latency = 15> <II = 1> <Delay = 6.07> <FuncUnit> <Opcode : 'fdiv' 'frem'> <InPorts = 2> <OutPorts = 1>

 <State 41> : 5.70ns
ST_41 : Operation 208 [4/4] (5.70ns)   --->   "%f_assign_7 = fmul float %f_assign_6, %l_b_linear_bn_softma_11" [pynqebnnrealcodes/ebnn.h:239->pynqebnnrealcodes/ebnn.h:152->pynqebnnrealcodes/ebnn_mnist.c:19->pynqebnnrealcodes/ebnn_mnist.c:32]   --->   Core 100 'FMul' <Latency = 3> <II = 1> <Delay = 5.70> <FuncUnit> <Opcode : 'fmul'> <InPorts = 2> <OutPorts = 1>

 <State 42> : 5.70ns
ST_42 : Operation 209 [3/4] (5.70ns)   --->   "%f_assign_7 = fmul float %f_assign_6, %l_b_linear_bn_softma_11" [pynqebnnrealcodes/ebnn.h:239->pynqebnnrealcodes/ebnn.h:152->pynqebnnrealcodes/ebnn_mnist.c:19->pynqebnnrealcodes/ebnn_mnist.c:32]   --->   Core 100 'FMul' <Latency = 3> <II = 1> <Delay = 5.70> <FuncUnit> <Opcode : 'fmul'> <InPorts = 2> <OutPorts = 1>

 <State 43> : 5.70ns
ST_43 : Operation 210 [2/4] (5.70ns)   --->   "%f_assign_7 = fmul float %f_assign_6, %l_b_linear_bn_softma_11" [pynqebnnrealcodes/ebnn.h:239->pynqebnnrealcodes/ebnn.h:152->pynqebnnrealcodes/ebnn_mnist.c:19->pynqebnnrealcodes/ebnn_mnist.c:32]   --->   Core 100 'FMul' <Latency = 3> <II = 1> <Delay = 5.70> <FuncUnit> <Opcode : 'fmul'> <InPorts = 2> <OutPorts = 1>

 <State 44> : 5.70ns
ST_44 : Operation 211 [1/4] (5.70ns)   --->   "%f_assign_7 = fmul float %f_assign_6, %l_b_linear_bn_softma_11" [pynqebnnrealcodes/ebnn.h:239->pynqebnnrealcodes/ebnn.h:152->pynqebnnrealcodes/ebnn_mnist.c:19->pynqebnnrealcodes/ebnn_mnist.c:32]   --->   Core 100 'FMul' <Latency = 3> <II = 1> <Delay = 5.70> <FuncUnit> <Opcode : 'fmul'> <InPorts = 2> <OutPorts = 1>

 <State 45> : 7.26ns
ST_45 : Operation 212 [5/5] (7.25ns)   --->   "%f_assign_8 = fadd float %f_assign_7, %l_b_linear_bn_softma_13" [pynqebnnrealcodes/ebnn.h:240->pynqebnnrealcodes/ebnn.h:152->pynqebnnrealcodes/ebnn_mnist.c:19->pynqebnnrealcodes/ebnn_mnist.c:32]   --->   Core 99 'FAddSub' <Latency = 4> <II = 1> <Delay = 7.25> <FuncUnit> <Opcode : 'fadd' 'fsub'> <InPorts = 2> <OutPorts = 1>

 <State 46> : 7.26ns
ST_46 : Operation 213 [4/5] (7.25ns)   --->   "%f_assign_8 = fadd float %f_assign_7, %l_b_linear_bn_softma_13" [pynqebnnrealcodes/ebnn.h:240->pynqebnnrealcodes/ebnn.h:152->pynqebnnrealcodes/ebnn_mnist.c:19->pynqebnnrealcodes/ebnn_mnist.c:32]   --->   Core 99 'FAddSub' <Latency = 4> <II = 1> <Delay = 7.25> <FuncUnit> <Opcode : 'fadd' 'fsub'> <InPorts = 2> <OutPorts = 1>

 <State 47> : 7.26ns
ST_47 : Operation 214 [3/5] (7.25ns)   --->   "%f_assign_8 = fadd float %f_assign_7, %l_b_linear_bn_softma_13" [pynqebnnrealcodes/ebnn.h:240->pynqebnnrealcodes/ebnn.h:152->pynqebnnrealcodes/ebnn_mnist.c:19->pynqebnnrealcodes/ebnn_mnist.c:32]   --->   Core 99 'FAddSub' <Latency = 4> <II = 1> <Delay = 7.25> <FuncUnit> <Opcode : 'fadd' 'fsub'> <InPorts = 2> <OutPorts = 1>

 <State 48> : 7.26ns
ST_48 : Operation 215 [2/5] (7.25ns)   --->   "%f_assign_8 = fadd float %f_assign_7, %l_b_linear_bn_softma_13" [pynqebnnrealcodes/ebnn.h:240->pynqebnnrealcodes/ebnn.h:152->pynqebnnrealcodes/ebnn_mnist.c:19->pynqebnnrealcodes/ebnn_mnist.c:32]   --->   Core 99 'FAddSub' <Latency = 4> <II = 1> <Delay = 7.25> <FuncUnit> <Opcode : 'fadd' 'fsub'> <InPorts = 2> <OutPorts = 1>

 <State 49> : 7.26ns
ST_49 : Operation 216 [1/5] (7.25ns)   --->   "%f_assign_8 = fadd float %f_assign_7, %l_b_linear_bn_softma_13" [pynqebnnrealcodes/ebnn.h:240->pynqebnnrealcodes/ebnn.h:152->pynqebnnrealcodes/ebnn_mnist.c:19->pynqebnnrealcodes/ebnn_mnist.c:32]   --->   Core 99 'FAddSub' <Latency = 4> <II = 1> <Delay = 7.25> <FuncUnit> <Opcode : 'fadd' 'fsub'> <InPorts = 2> <OutPorts = 1>

 <State 50> : 6.79ns
ST_50 : Operation 217 [1/1] (6.78ns)   --->   "%tmp_25 = fcmp ogt float %f_assign_8, %max_res_i_i" [pynqebnnrealcodes/ebnn.h:153->pynqebnnrealcodes/ebnn_mnist.c:19->pynqebnnrealcodes/ebnn_mnist.c:32]   --->   Core 105 'FCmp' <Latency = 0> <II = 1> <Delay = 6.78> <FuncUnit> <Opcode : 'fcmp'> <InPorts = 2> <OutPorts = 1>

 <State 51> : 4.75ns
ST_51 : Operation 218 [1/1] (0.00ns)   --->   "%f_assign_8_to_int = bitcast float %f_assign_8 to i32" [pynqebnnrealcodes/ebnn.h:240->pynqebnnrealcodes/ebnn.h:152->pynqebnnrealcodes/ebnn_mnist.c:19->pynqebnnrealcodes/ebnn_mnist.c:32]
ST_51 : Operation 219 [1/1] (0.00ns)   --->   "%tmp_s = call i8 @_ssdm_op_PartSelect.i8.i32.i32.i32(i32 %f_assign_8_to_int, i32 23, i32 30)" [pynqebnnrealcodes/ebnn.h:240->pynqebnnrealcodes/ebnn.h:152->pynqebnnrealcodes/ebnn_mnist.c:19->pynqebnnrealcodes/ebnn_mnist.c:32]
ST_51 : Operation 220 [1/1] (0.00ns)   --->   "%tmp_36 = trunc i32 %f_assign_8_to_int to i23" [pynqebnnrealcodes/ebnn.h:240->pynqebnnrealcodes/ebnn.h:152->pynqebnnrealcodes/ebnn_mnist.c:19->pynqebnnrealcodes/ebnn_mnist.c:32]
ST_51 : Operation 221 [1/1] (0.00ns)   --->   "%max_res_i_i_to_int = bitcast float %max_res_i_i to i32" [pynqebnnrealcodes/ebnn.h:153->pynqebnnrealcodes/ebnn_mnist.c:19->pynqebnnrealcodes/ebnn_mnist.c:32]
ST_51 : Operation 222 [1/1] (0.00ns)   --->   "%tmp_21 = call i8 @_ssdm_op_PartSelect.i8.i32.i32.i32(i32 %max_res_i_i_to_int, i32 23, i32 30)" [pynqebnnrealcodes/ebnn.h:153->pynqebnnrealcodes/ebnn_mnist.c:19->pynqebnnrealcodes/ebnn_mnist.c:32]
ST_51 : Operation 223 [1/1] (0.00ns)   --->   "%tmp_37 = trunc i32 %max_res_i_i_to_int to i23" [pynqebnnrealcodes/ebnn.h:153->pynqebnnrealcodes/ebnn_mnist.c:19->pynqebnnrealcodes/ebnn_mnist.c:32]
ST_51 : Operation 224 [1/1] (1.55ns)   --->   "%notlhs = icmp ne i8 %tmp_s, -1" [pynqebnnrealcodes/ebnn.h:240->pynqebnnrealcodes/ebnn.h:152->pynqebnnrealcodes/ebnn_mnist.c:19->pynqebnnrealcodes/ebnn_mnist.c:32]   --->   Core 25 'Cmp' <Latency = 0> <II = 1> <Delay = 2.44> <FuncUnit> <Opcode : 'icmp'> <InPorts = 2> <OutPorts = 1>
ST_51 : Operation 225 [1/1] (2.44ns)   --->   "%notrhs = icmp eq i23 %tmp_36, 0" [pynqebnnrealcodes/ebnn.h:240->pynqebnnrealcodes/ebnn.h:152->pynqebnnrealcodes/ebnn_mnist.c:19->pynqebnnrealcodes/ebnn_mnist.c:32]   --->   Core 25 'Cmp' <Latency = 0> <II = 1> <Delay = 2.44> <FuncUnit> <Opcode : 'icmp'> <InPorts = 2> <OutPorts = 1>
ST_51 : Operation 226 [1/1] (0.00ns) (grouped into LUT with out node tmp_26)   --->   "%tmp_22 = or i1 %notrhs, %notlhs" [pynqebnnrealcodes/ebnn.h:240->pynqebnnrealcodes/ebnn.h:152->pynqebnnrealcodes/ebnn_mnist.c:19->pynqebnnrealcodes/ebnn_mnist.c:32]   --->   Core 27 'LogicGate' <Latency = 0> <II = 1> <Delay = 0.93> <FuncUnit> <Opcode : 'and' 'or' 'xor'> <InPorts = 2> <OutPorts = 1>
ST_51 : Operation 227 [1/1] (1.55ns)   --->   "%notlhs1 = icmp ne i8 %tmp_21, -1" [pynqebnnrealcodes/ebnn.h:153->pynqebnnrealcodes/ebnn_mnist.c:19->pynqebnnrealcodes/ebnn_mnist.c:32]   --->   Core 25 'Cmp' <Latency = 0> <II = 1> <Delay = 2.44> <FuncUnit> <Opcode : 'icmp'> <InPorts = 2> <OutPorts = 1>
ST_51 : Operation 228 [1/1] (2.44ns)   --->   "%notrhs1 = icmp eq i23 %tmp_37, 0" [pynqebnnrealcodes/ebnn.h:153->pynqebnnrealcodes/ebnn_mnist.c:19->pynqebnnrealcodes/ebnn_mnist.c:32]   --->   Core 25 'Cmp' <Latency = 0> <II = 1> <Delay = 2.44> <FuncUnit> <Opcode : 'icmp'> <InPorts = 2> <OutPorts = 1>
ST_51 : Operation 229 [1/1] (0.00ns) (grouped into LUT with out node tmp_26)   --->   "%tmp_23 = or i1 %notrhs1, %notlhs1" [pynqebnnrealcodes/ebnn.h:153->pynqebnnrealcodes/ebnn_mnist.c:19->pynqebnnrealcodes/ebnn_mnist.c:32]   --->   Core 27 'LogicGate' <Latency = 0> <II = 1> <Delay = 0.93> <FuncUnit> <Opcode : 'and' 'or' 'xor'> <InPorts = 2> <OutPorts = 1>
ST_51 : Operation 230 [1/1] (0.00ns) (grouped into LUT with out node tmp_26)   --->   "%tmp_24 = and i1 %tmp_22, %tmp_23" [pynqebnnrealcodes/ebnn.h:240->pynqebnnrealcodes/ebnn.h:152->pynqebnnrealcodes/ebnn_mnist.c:19->pynqebnnrealcodes/ebnn_mnist.c:32]   --->   Core 27 'LogicGate' <Latency = 0> <II = 1> <Delay = 0.93> <FuncUnit> <Opcode : 'and' 'or' 'xor'> <InPorts = 2> <OutPorts = 1>
ST_51 : Operation 231 [1/1] (0.93ns) (out node of the LUT)   --->   "%tmp_26 = and i1 %tmp_24, %tmp_25" [pynqebnnrealcodes/ebnn.h:153->pynqebnnrealcodes/ebnn_mnist.c:19->pynqebnnrealcodes/ebnn_mnist.c:32]   --->   Core 27 'LogicGate' <Latency = 0> <II = 1> <Delay = 0.93> <FuncUnit> <Opcode : 'and' 'or' 'xor'> <InPorts = 2> <OutPorts = 1>
ST_51 : Operation 232 [1/1] (1.37ns)   --->   "%max_idx_2_i_i = select i1 %tmp_26, i32 %max_idx_i_i_cast5, i32 %max_idx_1_i_i" [pynqebnnrealcodes/ebnn.h:153->pynqebnnrealcodes/ebnn_mnist.c:19->pynqebnnrealcodes/ebnn_mnist.c:32]   --->   Core 26 'Sel' <Latency = 0> <II = 1> <Delay = 1.37> <FuncUnit> <Opcode : 'select'> <InPorts = 3> <OutPorts = 1>
ST_51 : Operation 233 [1/1] (1.37ns)   --->   "%max_res_1_i_i = select i1 %tmp_26, float %f_assign_8, float %max_res_i_i" [pynqebnnrealcodes/ebnn.h:153->pynqebnnrealcodes/ebnn_mnist.c:19->pynqebnnrealcodes/ebnn_mnist.c:32]   --->   Core 26 'Sel' <Latency = 0> <II = 1> <Delay = 1.37> <FuncUnit> <Opcode : 'select'> <InPorts = 3> <OutPorts = 1>
ST_51 : Operation 234 [1/1] (0.00ns)   --->   "br label %fconv_layer.exit" [pynqebnnrealcodes/ebnn.h:148->pynqebnnrealcodes/ebnn_mnist.c:19->pynqebnnrealcodes/ebnn_mnist.c:32]


============================================================
+ Verbose Summary: Timing violations
============================================================
Target clock period: 10ns, clock uncertainty: 1.25ns.

 <State 1>: 1.77ns
The critical path consists of the following:
	multiplexor before 'phi' operation ('i') with incoming values : ('i', pynqebnnrealcodes/ebnn.h:182->pynqebnnrealcodes/ebnn_mnist.c:9->pynqebnnrealcodes/ebnn_mnist.c:31) [27]  (1.77 ns)

 <State 2>: 2.3ns
The critical path consists of the following:
	'phi' operation ('i') with incoming values : ('i', pynqebnnrealcodes/ebnn.h:182->pynqebnnrealcodes/ebnn_mnist.c:9->pynqebnnrealcodes/ebnn_mnist.c:31) [27]  (0 ns)
	'getelementptr' operation ('temp1_addr', pynqebnnrealcodes/ebnn.h:183->pynqebnnrealcodes/ebnn_mnist.c:9->pynqebnnrealcodes/ebnn_mnist.c:31) [34]  (0 ns)
	'store' operation (pynqebnnrealcodes/ebnn.h:183->pynqebnnrealcodes/ebnn_mnist.c:9->pynqebnnrealcodes/ebnn_mnist.c:31) of constant 0 on array 'temp1' [35]  (2.3 ns)

 <State 3>: 3.25ns
The critical path consists of the following:
	'phi' operation ('j_i', pynqebnnrealcodes/ebnn.h:187->pynqebnnrealcodes/ebnn_mnist.c:9->pynqebnnrealcodes/ebnn_mnist.c:31) with incoming values : ('j_2_i', pynqebnnrealcodes/ebnn.h:187->pynqebnnrealcodes/ebnn_mnist.c:9->pynqebnnrealcodes/ebnn_mnist.c:31) [40]  (0 ns)
	'getelementptr' operation ('l_conv_pool_bn_bst0_13', pynqebnnrealcodes/ebnn.h:190->pynqebnnrealcodes/ebnn_mnist.c:9->pynqebnnrealcodes/ebnn_mnist.c:31) [55]  (0 ns)
	'load' operation ('l_conv_pool_bn_bst0_14', pynqebnnrealcodes/ebnn.h:190->pynqebnnrealcodes/ebnn_mnist.c:9->pynqebnnrealcodes/ebnn_mnist.c:31) on array 'l_conv_pool_bn_bst0_5' [56]  (3.25 ns)

 <State 4>: 8.16ns
The critical path consists of the following:
	'load' operation ('l_conv_pool_bn_bst0_8', pynqebnnrealcodes/ebnn.h:190->pynqebnnrealcodes/ebnn_mnist.c:9->pynqebnnrealcodes/ebnn_mnist.c:31) on array 'l_conv_pool_bn_bst0_1' [50]  (3.25 ns)
	'call' operation (pynqebnnrealcodes/ebnn.h:190->pynqebnnrealcodes/ebnn_mnist.c:9->pynqebnnrealcodes/ebnn_mnist.c:31) to 'fconv' [59]  (4.91 ns)

 <State 5>: 0ns
The critical path consists of the following:

 <State 6>: 2.32ns
The critical path consists of the following:
	'phi' operation ('max_idx_1_i_i', pynqebnnrealcodes/ebnn.h:153->pynqebnnrealcodes/ebnn_mnist.c:19->pynqebnnrealcodes/ebnn_mnist.c:32) with incoming values : ('max_idx_2_i_i', pynqebnnrealcodes/ebnn.h:153->pynqebnnrealcodes/ebnn_mnist.c:19->pynqebnnrealcodes/ebnn_mnist.c:32) [66]  (0 ns)
	'store' operation (pynqebnnrealcodes/ebnn.h:158->pynqebnnrealcodes/ebnn_mnist.c:19->pynqebnnrealcodes/ebnn_mnist.c:32) of variable 'tmp_35', pynqebnnrealcodes/ebnn.h:158->pynqebnnrealcodes/ebnn_mnist.c:19->pynqebnnrealcodes/ebnn_mnist.c:32 on array 'output_r' [162]  (2.32 ns)

 <State 7>: 8.39ns
The critical path consists of the following:
	'phi' operation ('res') with incoming values : ('res', pynqebnnrealcodes/ebnn.h:251->pynqebnnrealcodes/ebnn.h:150->pynqebnnrealcodes/ebnn_mnist.c:19->pynqebnnrealcodes/ebnn_mnist.c:32) [79]  (0 ns)
	'add' operation ('res', pynqebnnrealcodes/ebnn.h:253->pynqebnnrealcodes/ebnn.h:150->pynqebnnrealcodes/ebnn_mnist.c:19->pynqebnnrealcodes/ebnn_mnist.c:32) [122]  (1.98 ns)
	'sitofp' operation ('res_i_i', pynqebnnrealcodes/ebnn.h:150->pynqebnnrealcodes/ebnn_mnist.c:19->pynqebnnrealcodes/ebnn_mnist.c:32) [124]  (6.41 ns)

 <State 8>: 8.09ns
The critical path consists of the following:
	'load' operation ('l_b_linear_bn_softma_7', pynqebnnrealcodes/ebnn.h:251->pynqebnnrealcodes/ebnn.h:150->pynqebnnrealcodes/ebnn_mnist.c:19->pynqebnnrealcodes/ebnn_mnist.c:32) on array 'l_b_linear_bn_softma_6' [92]  (3.25 ns)
	'xor' operation ('tmp', pynqebnnrealcodes/ebnn.h:251->pynqebnnrealcodes/ebnn.h:150->pynqebnnrealcodes/ebnn_mnist.c:19->pynqebnnrealcodes/ebnn_mnist.c:32) [93]  (0 ns)
	'xor' operation ('v', pynqebnnrealcodes/ebnn.h:251->pynqebnnrealcodes/ebnn.h:150->pynqebnnrealcodes/ebnn_mnist.c:19->pynqebnnrealcodes/ebnn_mnist.c:32) [94]  (1.09 ns)
	'sub' operation ('c', pynqebnnrealcodes/ebnn.h:476->pynqebnnrealcodes/ebnn.h:251->pynqebnnrealcodes/ebnn.h:150->pynqebnnrealcodes/ebnn_mnist.c:19->pynqebnnrealcodes/ebnn_mnist.c:32) [101]  (1.92 ns)
	'add' operation ('c', pynqebnnrealcodes/ebnn.h:477->pynqebnnrealcodes/ebnn.h:251->pynqebnnrealcodes/ebnn.h:150->pynqebnnrealcodes/ebnn_mnist.c:19->pynqebnnrealcodes/ebnn_mnist.c:32) [112]  (1.83 ns)

 <State 9>: 5.27ns
The critical path consists of the following:
	'add' operation ('tmp_9_i_i_cast3', pynqebnnrealcodes/ebnn.h:478->pynqebnnrealcodes/ebnn.h:251->pynqebnnrealcodes/ebnn.h:150->pynqebnnrealcodes/ebnn_mnist.c:19->pynqebnnrealcodes/ebnn_mnist.c:32) [113]  (0 ns)
	'add' operation ('tmp_1_i_i', pynqebnnrealcodes/ebnn.h:478->pynqebnnrealcodes/ebnn.h:251->pynqebnnrealcodes/ebnn.h:150->pynqebnnrealcodes/ebnn_mnist.c:19->pynqebnnrealcodes/ebnn_mnist.c:32) [116]  (3.32 ns)
	'add' operation ('res', pynqebnnrealcodes/ebnn.h:251->pynqebnnrealcodes/ebnn.h:150->pynqebnnrealcodes/ebnn_mnist.c:19->pynqebnnrealcodes/ebnn_mnist.c:32) [118]  (1.96 ns)

 <State 10>: 6.41ns
The critical path consists of the following:
	'sitofp' operation ('res_i_i', pynqebnnrealcodes/ebnn.h:150->pynqebnnrealcodes/ebnn_mnist.c:19->pynqebnnrealcodes/ebnn_mnist.c:32) [124]  (6.41 ns)

 <State 11>: 6.41ns
The critical path consists of the following:
	'sitofp' operation ('res_i_i', pynqebnnrealcodes/ebnn.h:150->pynqebnnrealcodes/ebnn_mnist.c:19->pynqebnnrealcodes/ebnn_mnist.c:32) [124]  (6.41 ns)

 <State 12>: 6.41ns
The critical path consists of the following:
	'sitofp' operation ('res_i_i', pynqebnnrealcodes/ebnn.h:150->pynqebnnrealcodes/ebnn_mnist.c:19->pynqebnnrealcodes/ebnn_mnist.c:32) [124]  (6.41 ns)

 <State 13>: 6.41ns
The critical path consists of the following:
	'sitofp' operation ('res_i_i', pynqebnnrealcodes/ebnn.h:150->pynqebnnrealcodes/ebnn_mnist.c:19->pynqebnnrealcodes/ebnn_mnist.c:32) [124]  (6.41 ns)

 <State 14>: 6.41ns
The critical path consists of the following:
	'sitofp' operation ('res_i_i', pynqebnnrealcodes/ebnn.h:150->pynqebnnrealcodes/ebnn_mnist.c:19->pynqebnnrealcodes/ebnn_mnist.c:32) [124]  (6.41 ns)

 <State 15>: 7.26ns
The critical path consists of the following:
	'fadd' operation ('f', pynqebnnrealcodes/ebnn.h:151->pynqebnnrealcodes/ebnn_mnist.c:19->pynqebnnrealcodes/ebnn_mnist.c:32) [128]  (7.26 ns)

 <State 16>: 7.26ns
The critical path consists of the following:
	'fadd' operation ('f', pynqebnnrealcodes/ebnn.h:151->pynqebnnrealcodes/ebnn_mnist.c:19->pynqebnnrealcodes/ebnn_mnist.c:32) [128]  (7.26 ns)

 <State 17>: 7.26ns
The critical path consists of the following:
	'fadd' operation ('f', pynqebnnrealcodes/ebnn.h:151->pynqebnnrealcodes/ebnn_mnist.c:19->pynqebnnrealcodes/ebnn_mnist.c:32) [128]  (7.26 ns)

 <State 18>: 7.26ns
The critical path consists of the following:
	'fadd' operation ('f', pynqebnnrealcodes/ebnn.h:151->pynqebnnrealcodes/ebnn_mnist.c:19->pynqebnnrealcodes/ebnn_mnist.c:32) [128]  (7.26 ns)

 <State 19>: 7.26ns
The critical path consists of the following:
	'fadd' operation ('f', pynqebnnrealcodes/ebnn.h:151->pynqebnnrealcodes/ebnn_mnist.c:19->pynqebnnrealcodes/ebnn_mnist.c:32) [128]  (7.26 ns)

 <State 20>: 7.26ns
The critical path consists of the following:
	'fsub' operation ('f', pynqebnnrealcodes/ebnn.h:237->pynqebnnrealcodes/ebnn.h:152->pynqebnnrealcodes/ebnn_mnist.c:19->pynqebnnrealcodes/ebnn_mnist.c:32) [137]  (7.26 ns)

 <State 21>: 7.26ns
The critical path consists of the following:
	'fsub' operation ('f', pynqebnnrealcodes/ebnn.h:237->pynqebnnrealcodes/ebnn.h:152->pynqebnnrealcodes/ebnn_mnist.c:19->pynqebnnrealcodes/ebnn_mnist.c:32) [137]  (7.26 ns)

 <State 22>: 7.26ns
The critical path consists of the following:
	'fsub' operation ('f', pynqebnnrealcodes/ebnn.h:237->pynqebnnrealcodes/ebnn.h:152->pynqebnnrealcodes/ebnn_mnist.c:19->pynqebnnrealcodes/ebnn_mnist.c:32) [137]  (7.26 ns)

 <State 23>: 7.26ns
The critical path consists of the following:
	'fsub' operation ('f', pynqebnnrealcodes/ebnn.h:237->pynqebnnrealcodes/ebnn.h:152->pynqebnnrealcodes/ebnn_mnist.c:19->pynqebnnrealcodes/ebnn_mnist.c:32) [137]  (7.26 ns)

 <State 24>: 7.26ns
The critical path consists of the following:
	'fsub' operation ('f', pynqebnnrealcodes/ebnn.h:237->pynqebnnrealcodes/ebnn.h:152->pynqebnnrealcodes/ebnn_mnist.c:19->pynqebnnrealcodes/ebnn_mnist.c:32) [137]  (7.26 ns)

 <State 25>: 6.08ns
The critical path consists of the following:
	'fdiv' operation ('f', pynqebnnrealcodes/ebnn.h:238->pynqebnnrealcodes/ebnn.h:152->pynqebnnrealcodes/ebnn_mnist.c:19->pynqebnnrealcodes/ebnn_mnist.c:32) [138]  (6.08 ns)

 <State 26>: 6.08ns
The critical path consists of the following:
	'fdiv' operation ('f', pynqebnnrealcodes/ebnn.h:238->pynqebnnrealcodes/ebnn.h:152->pynqebnnrealcodes/ebnn_mnist.c:19->pynqebnnrealcodes/ebnn_mnist.c:32) [138]  (6.08 ns)

 <State 27>: 6.08ns
The critical path consists of the following:
	'fdiv' operation ('f', pynqebnnrealcodes/ebnn.h:238->pynqebnnrealcodes/ebnn.h:152->pynqebnnrealcodes/ebnn_mnist.c:19->pynqebnnrealcodes/ebnn_mnist.c:32) [138]  (6.08 ns)

 <State 28>: 6.08ns
The critical path consists of the following:
	'fdiv' operation ('f', pynqebnnrealcodes/ebnn.h:238->pynqebnnrealcodes/ebnn.h:152->pynqebnnrealcodes/ebnn_mnist.c:19->pynqebnnrealcodes/ebnn_mnist.c:32) [138]  (6.08 ns)

 <State 29>: 6.08ns
The critical path consists of the following:
	'fdiv' operation ('f', pynqebnnrealcodes/ebnn.h:238->pynqebnnrealcodes/ebnn.h:152->pynqebnnrealcodes/ebnn_mnist.c:19->pynqebnnrealcodes/ebnn_mnist.c:32) [138]  (6.08 ns)

 <State 30>: 6.08ns
The critical path consists of the following:
	'fdiv' operation ('f', pynqebnnrealcodes/ebnn.h:238->pynqebnnrealcodes/ebnn.h:152->pynqebnnrealcodes/ebnn_mnist.c:19->pynqebnnrealcodes/ebnn_mnist.c:32) [138]  (6.08 ns)

 <State 31>: 6.08ns
The critical path consists of the following:
	'fdiv' operation ('f', pynqebnnrealcodes/ebnn.h:238->pynqebnnrealcodes/ebnn.h:152->pynqebnnrealcodes/ebnn_mnist.c:19->pynqebnnrealcodes/ebnn_mnist.c:32) [138]  (6.08 ns)

 <State 32>: 6.08ns
The critical path consists of the following:
	'fdiv' operation ('f', pynqebnnrealcodes/ebnn.h:238->pynqebnnrealcodes/ebnn.h:152->pynqebnnrealcodes/ebnn_mnist.c:19->pynqebnnrealcodes/ebnn_mnist.c:32) [138]  (6.08 ns)

 <State 33>: 6.08ns
The critical path consists of the following:
	'fdiv' operation ('f', pynqebnnrealcodes/ebnn.h:238->pynqebnnrealcodes/ebnn.h:152->pynqebnnrealcodes/ebnn_mnist.c:19->pynqebnnrealcodes/ebnn_mnist.c:32) [138]  (6.08 ns)

 <State 34>: 6.08ns
The critical path consists of the following:
	'fdiv' operation ('f', pynqebnnrealcodes/ebnn.h:238->pynqebnnrealcodes/ebnn.h:152->pynqebnnrealcodes/ebnn_mnist.c:19->pynqebnnrealcodes/ebnn_mnist.c:32) [138]  (6.08 ns)

 <State 35>: 6.08ns
The critical path consists of the following:
	'fdiv' operation ('f', pynqebnnrealcodes/ebnn.h:238->pynqebnnrealcodes/ebnn.h:152->pynqebnnrealcodes/ebnn_mnist.c:19->pynqebnnrealcodes/ebnn_mnist.c:32) [138]  (6.08 ns)

 <State 36>: 6.08ns
The critical path consists of the following:
	'fdiv' operation ('f', pynqebnnrealcodes/ebnn.h:238->pynqebnnrealcodes/ebnn.h:152->pynqebnnrealcodes/ebnn_mnist.c:19->pynqebnnrealcodes/ebnn_mnist.c:32) [138]  (6.08 ns)

 <State 37>: 6.08ns
The critical path consists of the following:
	'fdiv' operation ('f', pynqebnnrealcodes/ebnn.h:238->pynqebnnrealcodes/ebnn.h:152->pynqebnnrealcodes/ebnn_mnist.c:19->pynqebnnrealcodes/ebnn_mnist.c:32) [138]  (6.08 ns)

 <State 38>: 6.08ns
The critical path consists of the following:
	'fdiv' operation ('f', pynqebnnrealcodes/ebnn.h:238->pynqebnnrealcodes/ebnn.h:152->pynqebnnrealcodes/ebnn_mnist.c:19->pynqebnnrealcodes/ebnn_mnist.c:32) [138]  (6.08 ns)

 <State 39>: 6.08ns
The critical path consists of the following:
	'fdiv' operation ('f', pynqebnnrealcodes/ebnn.h:238->pynqebnnrealcodes/ebnn.h:152->pynqebnnrealcodes/ebnn_mnist.c:19->pynqebnnrealcodes/ebnn_mnist.c:32) [138]  (6.08 ns)

 <State 40>: 6.08ns
The critical path consists of the following:
	'fdiv' operation ('f', pynqebnnrealcodes/ebnn.h:238->pynqebnnrealcodes/ebnn.h:152->pynqebnnrealcodes/ebnn_mnist.c:19->pynqebnnrealcodes/ebnn_mnist.c:32) [138]  (6.08 ns)

 <State 41>: 5.7ns
The critical path consists of the following:
	'fmul' operation ('f', pynqebnnrealcodes/ebnn.h:239->pynqebnnrealcodes/ebnn.h:152->pynqebnnrealcodes/ebnn_mnist.c:19->pynqebnnrealcodes/ebnn_mnist.c:32) [139]  (5.7 ns)

 <State 42>: 5.7ns
The critical path consists of the following:
	'fmul' operation ('f', pynqebnnrealcodes/ebnn.h:239->pynqebnnrealcodes/ebnn.h:152->pynqebnnrealcodes/ebnn_mnist.c:19->pynqebnnrealcodes/ebnn_mnist.c:32) [139]  (5.7 ns)

 <State 43>: 5.7ns
The critical path consists of the following:
	'fmul' operation ('f', pynqebnnrealcodes/ebnn.h:239->pynqebnnrealcodes/ebnn.h:152->pynqebnnrealcodes/ebnn_mnist.c:19->pynqebnnrealcodes/ebnn_mnist.c:32) [139]  (5.7 ns)

 <State 44>: 5.7ns
The critical path consists of the following:
	'fmul' operation ('f', pynqebnnrealcodes/ebnn.h:239->pynqebnnrealcodes/ebnn.h:152->pynqebnnrealcodes/ebnn_mnist.c:19->pynqebnnrealcodes/ebnn_mnist.c:32) [139]  (5.7 ns)

 <State 45>: 7.26ns
The critical path consists of the following:
	'fadd' operation ('f', pynqebnnrealcodes/ebnn.h:240->pynqebnnrealcodes/ebnn.h:152->pynqebnnrealcodes/ebnn_mnist.c:19->pynqebnnrealcodes/ebnn_mnist.c:32) [140]  (7.26 ns)

 <State 46>: 7.26ns
The critical path consists of the following:
	'fadd' operation ('f', pynqebnnrealcodes/ebnn.h:240->pynqebnnrealcodes/ebnn.h:152->pynqebnnrealcodes/ebnn_mnist.c:19->pynqebnnrealcodes/ebnn_mnist.c:32) [140]  (7.26 ns)

 <State 47>: 7.26ns
The critical path consists of the following:
	'fadd' operation ('f', pynqebnnrealcodes/ebnn.h:240->pynqebnnrealcodes/ebnn.h:152->pynqebnnrealcodes/ebnn_mnist.c:19->pynqebnnrealcodes/ebnn_mnist.c:32) [140]  (7.26 ns)

 <State 48>: 7.26ns
The critical path consists of the following:
	'fadd' operation ('f', pynqebnnrealcodes/ebnn.h:240->pynqebnnrealcodes/ebnn.h:152->pynqebnnrealcodes/ebnn_mnist.c:19->pynqebnnrealcodes/ebnn_mnist.c:32) [140]  (7.26 ns)

 <State 49>: 7.26ns
The critical path consists of the following:
	'fadd' operation ('f', pynqebnnrealcodes/ebnn.h:240->pynqebnnrealcodes/ebnn.h:152->pynqebnnrealcodes/ebnn_mnist.c:19->pynqebnnrealcodes/ebnn_mnist.c:32) [140]  (7.26 ns)

 <State 50>: 6.79ns
The critical path consists of the following:
	'fcmp' operation ('tmp_25', pynqebnnrealcodes/ebnn.h:153->pynqebnnrealcodes/ebnn_mnist.c:19->pynqebnnrealcodes/ebnn_mnist.c:32) [154]  (6.79 ns)

 <State 51>: 4.75ns
The critical path consists of the following:
	'icmp' operation ('notrhs', pynqebnnrealcodes/ebnn.h:240->pynqebnnrealcodes/ebnn.h:152->pynqebnnrealcodes/ebnn_mnist.c:19->pynqebnnrealcodes/ebnn_mnist.c:32) [148]  (2.45 ns)
	'or' operation ('tmp_22', pynqebnnrealcodes/ebnn.h:240->pynqebnnrealcodes/ebnn.h:152->pynqebnnrealcodes/ebnn_mnist.c:19->pynqebnnrealcodes/ebnn_mnist.c:32) [149]  (0 ns)
	'and' operation ('tmp_24', pynqebnnrealcodes/ebnn.h:240->pynqebnnrealcodes/ebnn.h:152->pynqebnnrealcodes/ebnn_mnist.c:19->pynqebnnrealcodes/ebnn_mnist.c:32) [153]  (0 ns)
	'and' operation ('tmp_26', pynqebnnrealcodes/ebnn.h:153->pynqebnnrealcodes/ebnn_mnist.c:19->pynqebnnrealcodes/ebnn_mnist.c:32) [155]  (0.931 ns)
	'select' operation ('max_idx_2_i_i', pynqebnnrealcodes/ebnn.h:153->pynqebnnrealcodes/ebnn_mnist.c:19->pynqebnnrealcodes/ebnn_mnist.c:32) [156]  (1.37 ns)


============================================================
+ Verbose Summary: Binding
============================================================
N/A
* FSMD analyzer results:
  - Output states:
 - Input state : 
  - Chain level:
	State 1
	State 2
	State 3
	State 4
	State 5
	State 6
	State 7
	State 8
	State 9
	State 10
	State 11
	State 12
	State 13
	State 14
	State 15
	State 16
	State 17
	State 18
	State 19
	State 20
	State 21
	State 22
	State 23
	State 24
	State 25
	State 26
	State 27
	State 28
	State 29
	State 30
	State 31
	State 32
	State 33
	State 34
	State 35
	State 36
	State 37
	State 38
	State 39
	State 40
	State 41
	State 42
	State 43
	State 44
	State 45
	State 46
	State 47
	State 48
	State 49
	State 50
	State 51


============================================================
+ Verbose Summary: Datapath Resource usage 
============================================================
N/A
